client 2023-02-22 23:27:08,220 [INFO] Creating output directory '/home/arjun/mobilenet_results/valid_results/arjun_orin-tflite_cpp-cpu-tflite-vmaster-default_config/mobilenet-v1-precision_float-1.0-224/singlestream/performance/tmp_power'
client 2023-02-22 23:27:08,368 [INFO] Sending command to the server: 'mlcommons/power client v3'
client 2023-02-22 23:27:08,378 [INFO] Got response: 'mlcommons/power server v3'
client 2023-02-22 23:27:08,378 [INFO] Synchronizing with the server and with time.google.com...
client 2023-02-22 23:27:08,437 [INFO] NTP:offset = 0.002 s, delay = 0.021 s 
client 2023-02-22 23:27:08,437 [INFO] Sending command to the server: 'time'
client 2023-02-22 23:27:08,530 [INFO] Got response: '1677108428.5267916'
client 2023-02-22 23:27:08,530 [INFO] The time difference between the client and the server is within range -89.287 ms..3.551 ms
client 2023-02-22 23:27:08,530 [INFO] Sending command to the server: 'new,,99a85746-189a-4a82-a58b-d4f23b0750af'
client 2023-02-22 23:27:08,534 [INFO] Got response: 'OK 2023-02-22_23-27-08,59d1916e-4fcb-4e9b-9e4f-63f2596c4297'
client 2023-02-22 23:27:08,534 [INFO] Session id is '2023-02-22_23-27-08'
client 2023-02-22 23:27:08,535 [INFO] Sources: {"sources": {"__init__.py": "da39a3ee5e6b4b0d3255bfef95601890afd80709", "client.py": "33ca4f26368777ac06e01f9567b714a4b8063886", "lib/__init__.py": "da39a3ee5e6b4b0d3255bfef95601890afd80709", "lib/client.py": "4c2b78fb4849a7e5b584ef792d82aaed20b17f57", "lib/common.py": "624d0c0acc7c39aaff3674f0b99d6a09da53d1dc", "lib/external/__init__.py": "da39a3ee5e6b4b0d3255bfef95601890afd80709", "lib/external/ntplib.py": "4da8f970656505a40483206ef2b5d3dd5e81711d", "lib/server.py": "cda0cdfaee9bfa1249c64a7dd4f89b7bf1b279f0", "lib/source_hashes.py": "60a2e02193209e8d392803326208d5466342da18", "lib/summary.py": "aa92f0a3f975eecd44d3c0cd0236342ccc9f941d", "lib/time_sync.py": "3210db56eb0ff0df57bf4293dc4d4b03fffd46f1", "server.py": "c3f90f2f7eeb4db30727556d0c815ebc89b3d28b", "tests/unit/__init__.py": "da39a3ee5e6b4b0d3255bfef95601890afd80709", "tests/unit/test_server.py": "99ae15aef722f2000ee6ed1ae1523637bf1ae42b", "tests/unit/test_source_hashes.py": "00468a2907583c593e6574a1f6b404e4651c221a"}, "modules": {"ptd_client_server.lib.client": "lib/client.py", "ptd_client_server.lib.common": "lib/common.py", "ptd_client_server.lib.external.ntplib": "lib/external/ntplib.py", "ptd_client_server.lib.source_hashes": "lib/source_hashes.py", "ptd_client_server.lib.summary": "lib/summary.py", "ptd_client_server.lib.time_sync": "lib/time_sync.py"}}
client 2023-02-22 23:27:08,536 [INFO] Running workload in ranging mode
client 2023-02-22 23:27:08,536 [INFO] Synchronizing with the server and with time.google.com...
client 2023-02-22 23:27:08,555 [INFO] NTP:offset = 0.001 s, delay = 0.016 s 
client 2023-02-22 23:27:08,555 [INFO] Sending command to the server: 'time'
client 2023-02-22 23:27:08,559 [INFO] Got response: '1677108428.5586786'
client 2023-02-22 23:27:08,559 [INFO] The time difference between the client and the server is within range -2.897 ms..0.791 ms
client 2023-02-22 23:27:08,559 [INFO] Sending command to the server: 'session,2023-02-22_23-27-08,start,ranging'
client 2023-02-22 23:27:36,697 [INFO] Got response: 'OK'
client 2023-02-22 23:27:36,698 [INFO] Running the workload '/home/arjun/run.out'
client 2023-02-22 23:38:40,846 [INFO] Sending command to the server: 'session,2023-02-22_23-27-08,stop,ranging'
client 2023-02-22 23:38:51,025 [INFO] Got response: 'OK'
client 2023-02-22 23:38:51,047 [INFO] Copying loadgen logs from '/home/arjun/mobilenet_results/valid_results/arjun_orin-tflite_cpp-cpu-tflite-vmaster-default_config/mobilenet-v1-precision_float-1.0-224/singlestream/performance/run_1' to '/home/arjun/mobilenet_results/valid_results/arjun_orin-tflite_cpp-cpu-tflite-vmaster-default_config/mobilenet-v1-precision_float-1.0-224/singlestream/performance/tmp_power/ranging'
client 2023-02-22 23:38:51,049 [INFO] Running workload in testing mode
client 2023-02-22 23:38:51,050 [INFO] Synchronizing with the server and with time.google.com...
client 2023-02-22 23:38:51,448 [INFO] NTP:offset = 0.081 s, delay = 0.393 s 
client 2023-02-22 23:38:51,449 [INFO] Sending command to the server: 'time'
client 2023-02-22 23:38:51,456 [INFO] Got response: '1677109131.45196'
client 2023-02-22 23:38:51,457 [INFO] The time difference between the client and the server is within range -2.631 ms..5.203 ms
client 2023-02-22 23:38:51,457 [INFO] Sending command to the server: 'session,2023-02-22_23-27-08,start,testing'
client 2023-02-22 23:39:04,717 [INFO] Got response: 'OK'
client 2023-02-22 23:39:04,718 [INFO] Running the workload '/home/arjun/run.out'
client 2023-02-22 23:50:06,610 [INFO] Sending command to the server: 'session,2023-02-22_23-27-08,stop,testing'
client 2023-02-22 23:50:17,520 [INFO] Got response: 'OK'
client 2023-02-22 23:50:17,525 [INFO] Copying loadgen logs from '/home/arjun/mobilenet_results/valid_results/arjun_orin-tflite_cpp-cpu-tflite-vmaster-default_config/mobilenet-v1-precision_float-1.0-224/singlestream/performance/run_1' to '/home/arjun/mobilenet_results/valid_results/arjun_orin-tflite_cpp-cpu-tflite-vmaster-default_config/mobilenet-v1-precision_float-1.0-224/singlestream/performance/tmp_power/run_1'
client 2023-02-22 23:50:17,527 [INFO] Done runs
