ptd-server 2023-02-22 23:27:08,526 [INFO] Got command from the client 'time'
ptd-server 2023-02-22 23:27:08,526 [INFO] Sending reply to client '1677108428.5267916'
ptd-server 2023-02-22 23:27:08,532 [INFO] Got command from the client 'new,,99a85746-189a-4a82-a58b-d4f23b0750af'
ptd-server 2023-02-22 23:27:08,534 [INFO] Sending reply to client 'OK 2023-02-22_23-27-08,59d1916e-4fcb-4e9b-9e4f-63f2596c4297'
ptd-server 2023-02-22 23:27:08,558 [INFO] Got command from the client 'time'
ptd-server 2023-02-22 23:27:08,558 [INFO] Sending reply to client '1677108428.5586786'
ptd-server 2023-02-22 23:27:08,581 [INFO] Got command from the client 'session,2023-02-22_23-27-08,start,ranging'
ptd-server 2023-02-22 23:27:08,582 [INFO] Running PTDaemon: ['/media/arjun/T7_Touch/hp-envy/CM/repos/local/cache/9b3695ca8255492a/power/inference_v1.0/ptd-linux-x86', '-l', '/tmp/tmpti64566v/ptd_logfile.txt', '-p', '8888', '49', '/dev/usbtmc0']
ptd-server 2023-02-22 23:27:25,670 [INFO] Sending to ptd: 'Hello'
ptd-server 2023-02-22 23:27:25,671 [INFO] Reply from ptd: 'Hello, PTDaemon here!'
ptd-server 2023-02-22 23:27:25,672 [INFO] Sending to ptd: 'Identify'
ptd-server 2023-02-22 23:27:25,672 [INFO] Reply from ptd: 'YokogawaWT310E,1000,1,1,1,1,0,1,1,version=1.10.0-ed9a21d2-20220817,OS=Linux 5.15.0-56-generic #62-Ubuntu SMP Tue Nov 22 19:54:14 UTC 2022 x86_64,mode=power,1,1,1,0,0,no_cal_date,YOKOGAWA;WT310E;C3YD21068E;F1.04'
ptd-server 2023-02-22 23:27:25,673 [INFO] Connected to PTDaemon
ptd-server 2023-02-22 23:27:25,673 [INFO] Sending to ptd: 'RR'
ptd-server 2023-02-22 23:27:25,674 [INFO] Reply from ptd: 'Ranges,0,0.100000,0,600.000000'
ptd-server 2023-02-22 23:27:25,674 [INFO] Initial range for Amps is 0.100000 for Volts is 600.000000
ptd-server 2023-02-22 23:27:25,675 [INFO] Sending to ptd: 'SR,V,Auto'
ptd-server 2023-02-22 23:27:26,178 [INFO] Reply from ptd: 'Range V changed'
ptd-server 2023-02-22 23:27:26,179 [INFO] Sending to ptd: 'SR,A,Auto'
ptd-server 2023-02-22 23:27:26,682 [INFO] Reply from ptd: 'Range A changed'
ptd-server 2023-02-22 23:27:36,693 [INFO] Starting ranging mode
ptd-server 2023-02-22 23:27:36,693 [INFO] Sending to ptd: 'Go,1000,0,2023-02-22_23-27-08_ranging'
ptd-server 2023-02-22 23:27:36,694 [INFO] Reply from ptd: 'Starting untimed measurement, maximum 500000 samples at 1000ms with 0 rampup samples'
ptd-server 2023-02-22 23:27:36,695 [INFO] Sending reply to client 'OK'
ptd-server 2023-02-22 23:38:41,002 [INFO] Got command from the client 'session,2023-02-22_23-27-08,stop,ranging'
ptd-server 2023-02-22 23:38:51,013 [INFO] Sending to ptd: 'Stop'
ptd-server 2023-02-22 23:38:51,015 [INFO] Reply from ptd: 'Stopping untimed measurement'
ptd-server 2023-02-22 23:38:51,024 [INFO] Sending reply to client 'OK'
ptd-server 2023-02-22 23:38:51,451 [INFO] Got command from the client 'time'
ptd-server 2023-02-22 23:38:51,452 [INFO] Sending reply to client '1677109131.45196'
ptd-server 2023-02-22 23:38:51,459 [INFO] Got command from the client 'session,2023-02-22_23-27-08,start,testing'
ptd-server 2023-02-22 23:38:51,460 [INFO] Sending to ptd: 'SR,V,247.960000'
ptd-server 2023-02-22 23:38:53,198 [INFO] Reply from ptd: 'Range V changed'
ptd-server 2023-02-22 23:38:53,198 [INFO] Sending to ptd: 'SR,A,0.173810'
ptd-server 2023-02-22 23:38:54,701 [INFO] Reply from ptd: 'Range A changed'
ptd-server 2023-02-22 23:39:04,712 [INFO] Starting testing mode
ptd-server 2023-02-22 23:39:04,713 [INFO] Sending to ptd: 'Go,1000,0,2023-02-22_23-27-08_testing'
ptd-server 2023-02-22 23:39:04,714 [INFO] Reply from ptd: 'Starting untimed measurement, maximum 500000 samples at 1000ms with 0 rampup samples'
ptd-server 2023-02-22 23:39:04,714 [INFO] Sending reply to client 'OK'
ptd-server 2023-02-22 23:50:07,500 [INFO] Got command from the client 'session,2023-02-22_23-27-08,stop,testing'
ptd-server 2023-02-22 23:50:17,511 [INFO] Sending to ptd: 'Stop'
ptd-server 2023-02-22 23:50:17,512 [INFO] Reply from ptd: 'Stopping untimed measurement'
ptd-server 2023-02-22 23:50:17,518 [INFO] Sending reply to client 'OK'
ptd-server 2023-02-22 23:50:17,737 [INFO] Got command from the client 'session,2023-02-22_23-27-08,done'
ptd-server 2023-02-22 23:50:17,737 [INFO] Sending to ptd: 'Stop'
ptd-server 2023-02-22 23:50:17,738 [INFO] Reply from ptd: 'Error: no measurement to stop'
ptd-server 2023-02-22 23:50:17,738 [INFO] Sending to ptd: 'SR,V,600.000000'
ptd-server 2023-02-22 23:50:19,242 [INFO] Reply from ptd: 'Range V changed'
ptd-server 2023-02-22 23:50:19,242 [INFO] Sending to ptd: 'SR,A,0.100000'
ptd-server 2023-02-22 23:50:20,745 [INFO] Reply from ptd: 'Range A changed'
ptd-server 2023-02-22 23:50:20,745 [INFO] Set initial values for Amps 0.100000 and Volts 600.000000
ptd-server 2023-02-22 23:50:20,746 [INFO] Stopping ptd...
