client 2023-02-27 15:36:48,412 [INFO] Creating output directory '/home/arjun/mobilenet_results/valid_results/arjun_orin-tflite_armnn_cpp-cpu-armnn_tflite-v22.11-using_neon/mobilenet-v2-precision_uint8-0.5-128/singlestream/performance/tmp_power'
client 2023-02-27 15:36:48,553 [INFO] Sending command to the server: 'mlcommons/power client v3'
client 2023-02-27 15:36:48,557 [INFO] Got response: 'mlcommons/power server v3'
client 2023-02-27 15:36:48,557 [INFO] Synchronizing with the server and with time.google.com...
client 2023-02-27 15:36:48,581 [INFO] NTP:offset = -0.000 s, delay = 0.014 s 
client 2023-02-27 15:36:48,582 [INFO] Sending command to the server: 'time'
client 2023-02-27 15:36:48,585 [INFO] Got response: '1677512208.5847971'
client 2023-02-27 15:36:48,586 [INFO] The time difference between the client and the server is within range -2.800 ms..1.354 ms
client 2023-02-27 15:36:48,586 [INFO] Sending command to the server: 'new,,20caea8d-4fc0-4b86-a7c2-0a2335062160'
client 2023-02-27 15:36:48,591 [INFO] Got response: 'OK 2023-02-27_15-36-48,0dbbfa83-6d74-44a1-9a27-f3597a9c16d1'
client 2023-02-27 15:36:48,592 [INFO] Session id is '2023-02-27_15-36-48'
client 2023-02-27 15:36:48,592 [INFO] Sources: {"sources": {"__init__.py": "da39a3ee5e6b4b0d3255bfef95601890afd80709", "client.py": "33ca4f26368777ac06e01f9567b714a4b8063886", "lib/__init__.py": "da39a3ee5e6b4b0d3255bfef95601890afd80709", "lib/client.py": "4c2b78fb4849a7e5b584ef792d82aaed20b17f57", "lib/common.py": "624d0c0acc7c39aaff3674f0b99d6a09da53d1dc", "lib/external/__init__.py": "da39a3ee5e6b4b0d3255bfef95601890afd80709", "lib/external/ntplib.py": "4da8f970656505a40483206ef2b5d3dd5e81711d", "lib/server.py": "cda0cdfaee9bfa1249c64a7dd4f89b7bf1b279f0", "lib/source_hashes.py": "60a2e02193209e8d392803326208d5466342da18", "lib/summary.py": "aa92f0a3f975eecd44d3c0cd0236342ccc9f941d", "lib/time_sync.py": "3210db56eb0ff0df57bf4293dc4d4b03fffd46f1", "server.py": "c3f90f2f7eeb4db30727556d0c815ebc89b3d28b", "tests/unit/__init__.py": "da39a3ee5e6b4b0d3255bfef95601890afd80709", "tests/unit/test_server.py": "99ae15aef722f2000ee6ed1ae1523637bf1ae42b", "tests/unit/test_source_hashes.py": "00468a2907583c593e6574a1f6b404e4651c221a"}, "modules": {"ptd_client_server.lib.client": "lib/client.py", "ptd_client_server.lib.common": "lib/common.py", "ptd_client_server.lib.external.ntplib": "lib/external/ntplib.py", "ptd_client_server.lib.source_hashes": "lib/source_hashes.py", "ptd_client_server.lib.summary": "lib/summary.py", "ptd_client_server.lib.time_sync": "lib/time_sync.py"}}
client 2023-02-27 15:36:48,593 [INFO] Running workload in ranging mode
client 2023-02-27 15:36:48,593 [INFO] Synchronizing with the server and with time.google.com...
client 2023-02-27 15:36:48,609 [INFO] NTP:offset = -0.002 s, delay = 0.013 s 
client 2023-02-27 15:36:48,609 [INFO] Sending command to the server: 'time'
client 2023-02-27 15:36:48,612 [INFO] Got response: '1677512208.6120284'
client 2023-02-27 15:36:48,613 [INFO] The time difference between the client and the server is within range -2.350 ms..0.984 ms
client 2023-02-27 15:36:48,613 [INFO] Sending command to the server: 'session,2023-02-27_15-36-48,start,ranging'
client 2023-02-27 15:37:17,302 [INFO] Got response: 'OK'
client 2023-02-27 15:37:17,302 [INFO] Running the workload '/home/arjun/run.out'
client 2023-02-27 15:54:00,793 [INFO] Sending command to the server: 'session,2023-02-27_15-36-48,stop,ranging'
client 2023-02-27 15:54:11,098 [INFO] Got response: 'OK'
client 2023-02-27 15:54:11,137 [INFO] Copying loadgen logs from '/home/arjun/mobilenet_results/valid_results/arjun_orin-tflite_armnn_cpp-cpu-armnn_tflite-v22.11-using_neon/mobilenet-v2-precision_uint8-0.5-128/singlestream/performance/run_1' to '/home/arjun/mobilenet_results/valid_results/arjun_orin-tflite_armnn_cpp-cpu-armnn_tflite-v22.11-using_neon/mobilenet-v2-precision_uint8-0.5-128/singlestream/performance/tmp_power/ranging'
client 2023-02-27 15:54:11,139 [INFO] Running workload in testing mode
client 2023-02-27 15:54:11,140 [INFO] Synchronizing with the server and with time.google.com...
client 2023-02-27 15:54:11,161 [INFO] NTP:offset = -0.000 s, delay = 0.017 s 
client 2023-02-27 15:54:11,161 [INFO] Sending command to the server: 'time'
client 2023-02-27 15:54:11,165 [INFO] Got response: '1677513251.1647623'
client 2023-02-27 15:54:11,166 [INFO] The time difference between the client and the server is within range -3.270 ms..1.349 ms
client 2023-02-27 15:54:11,166 [INFO] Sending command to the server: 'session,2023-02-27_15-36-48,start,testing'
client 2023-02-27 15:54:24,321 [INFO] Got response: 'OK'
client 2023-02-27 15:54:24,322 [INFO] Running the workload '/home/arjun/run.out'
client 2023-02-27 16:11:20,513 [INFO] Sending command to the server: 'session,2023-02-27_15-36-48,stop,testing'
client 2023-02-27 16:11:30,974 [INFO] Got response: 'OK'
client 2023-02-27 16:11:30,979 [INFO] Copying loadgen logs from '/home/arjun/mobilenet_results/valid_results/arjun_orin-tflite_armnn_cpp-cpu-armnn_tflite-v22.11-using_neon/mobilenet-v2-precision_uint8-0.5-128/singlestream/performance/run_1' to '/home/arjun/mobilenet_results/valid_results/arjun_orin-tflite_armnn_cpp-cpu-armnn_tflite-v22.11-using_neon/mobilenet-v2-precision_uint8-0.5-128/singlestream/performance/tmp_power/run_1'
client 2023-02-27 16:11:30,981 [INFO] Done runs
