ptd-server 2023-02-27 15:36:48,584 [INFO] Got command from the client 'time'
ptd-server 2023-02-27 15:36:48,584 [INFO] Sending reply to client '1677512208.5847971'
ptd-server 2023-02-27 15:36:48,589 [INFO] Got command from the client 'new,,20caea8d-4fc0-4b86-a7c2-0a2335062160'
ptd-server 2023-02-27 15:36:48,590 [INFO] Sending reply to client 'OK 2023-02-27_15-36-48,0dbbfa83-6d74-44a1-9a27-f3597a9c16d1'
ptd-server 2023-02-27 15:36:48,611 [INFO] Got command from the client 'time'
ptd-server 2023-02-27 15:36:48,612 [INFO] Sending reply to client '1677512208.6120284'
ptd-server 2023-02-27 15:36:49,166 [INFO] Got command from the client 'session,2023-02-27_15-36-48,start,ranging'
ptd-server 2023-02-27 15:36:49,167 [INFO] Running PTDaemon: ['/media/arjun/T7_Touch/hp-envy/CM/repos/local/cache/9b3695ca8255492a/power/inference_v1.0/ptd-linux-x86', '-l', '/tmp/tmpti64566v/ptd_logfile.txt', '-p', '8888', '49', '/dev/usbtmc0']
ptd-server 2023-02-27 15:37:06,275 [INFO] Sending to ptd: 'Hello'
ptd-server 2023-02-27 15:37:06,277 [INFO] Reply from ptd: 'Hello, PTDaemon here!'
ptd-server 2023-02-27 15:37:06,277 [INFO] Sending to ptd: 'Identify'
ptd-server 2023-02-27 15:37:06,278 [INFO] Reply from ptd: 'YokogawaWT310E,1000,1,1,1,1,0,1,1,version=1.10.0-ed9a21d2-20220817,OS=Linux 5.15.0-56-generic #62-Ubuntu SMP Tue Nov 22 19:54:14 UTC 2022 x86_64,mode=power,1,1,1,0,0,no_cal_date,YOKOGAWA;WT310E;C3YD21068E;F1.04'
ptd-server 2023-02-27 15:37:06,278 [INFO] Connected to PTDaemon
ptd-server 2023-02-27 15:37:06,278 [INFO] Sending to ptd: 'RR'
ptd-server 2023-02-27 15:37:06,279 [INFO] Reply from ptd: 'Ranges,0,0.100000,0,600.000000'
ptd-server 2023-02-27 15:37:06,279 [INFO] Initial range for Amps is 0.100000 for Volts is 600.000000
ptd-server 2023-02-27 15:37:06,280 [INFO] Sending to ptd: 'SR,V,Auto'
ptd-server 2023-02-27 15:37:06,783 [INFO] Reply from ptd: 'Range V changed'
ptd-server 2023-02-27 15:37:06,784 [INFO] Sending to ptd: 'SR,A,Auto'
ptd-server 2023-02-27 15:37:07,287 [INFO] Reply from ptd: 'Range A changed'
ptd-server 2023-02-27 15:37:17,298 [INFO] Starting ranging mode
ptd-server 2023-02-27 15:37:17,299 [INFO] Sending to ptd: 'Go,1000,0,2023-02-27_15-36-48_ranging'
ptd-server 2023-02-27 15:37:17,300 [INFO] Reply from ptd: 'Starting untimed measurement, maximum 500000 samples at 1000ms with 0 rampup samples'
ptd-server 2023-02-27 15:37:17,300 [INFO] Sending reply to client 'OK'
ptd-server 2023-02-27 15:54:00,815 [INFO] Got command from the client 'session,2023-02-27_15-36-48,stop,ranging'
ptd-server 2023-02-27 15:54:10,826 [INFO] Sending to ptd: 'Stop'
ptd-server 2023-02-27 15:54:10,827 [INFO] Reply from ptd: 'Stopping untimed measurement'
ptd-server 2023-02-27 15:54:11,096 [INFO] Sending reply to client 'OK'
ptd-server 2023-02-27 15:54:11,164 [INFO] Got command from the client 'time'
ptd-server 2023-02-27 15:54:11,164 [INFO] Sending reply to client '1677513251.1647623'
ptd-server 2023-02-27 15:54:11,168 [INFO] Got command from the client 'session,2023-02-27_15-36-48,start,testing'
ptd-server 2023-02-27 15:54:11,168 [INFO] Sending to ptd: 'SR,V,248.130000'
ptd-server 2023-02-27 15:54:12,803 [INFO] Reply from ptd: 'Range V changed'
ptd-server 2023-02-27 15:54:12,803 [INFO] Sending to ptd: 'SR,A,0.188360'
ptd-server 2023-02-27 15:54:14,307 [INFO] Reply from ptd: 'Range A changed'
ptd-server 2023-02-27 15:54:24,318 [INFO] Starting testing mode
ptd-server 2023-02-27 15:54:24,318 [INFO] Sending to ptd: 'Go,1000,0,2023-02-27_15-36-48_testing'
ptd-server 2023-02-27 15:54:24,318 [INFO] Reply from ptd: 'Starting untimed measurement, maximum 500000 samples at 1000ms with 0 rampup samples'
ptd-server 2023-02-27 15:54:24,318 [INFO] Sending reply to client 'OK'
ptd-server 2023-02-27 16:11:20,828 [INFO] Got command from the client 'session,2023-02-27_15-36-48,stop,testing'
ptd-server 2023-02-27 16:11:30,839 [INFO] Sending to ptd: 'Stop'
ptd-server 2023-02-27 16:11:30,840 [INFO] Reply from ptd: 'Stopping untimed measurement'
ptd-server 2023-02-27 16:11:30,973 [INFO] Sending reply to client 'OK'
ptd-server 2023-02-27 16:11:30,988 [INFO] Got command from the client 'session,2023-02-27_15-36-48,done'
ptd-server 2023-02-27 16:11:30,989 [INFO] Sending to ptd: 'Stop'
ptd-server 2023-02-27 16:11:31,320 [INFO] Reply from ptd: 'Error: no measurement to stop'
ptd-server 2023-02-27 16:11:31,320 [INFO] Sending to ptd: 'SR,V,600.000000'
ptd-server 2023-02-27 16:11:32,823 [INFO] Reply from ptd: 'Range V changed'
ptd-server 2023-02-27 16:11:32,824 [INFO] Sending to ptd: 'SR,A,0.100000'
ptd-server 2023-02-27 16:11:34,327 [INFO] Reply from ptd: 'Range A changed'
ptd-server 2023-02-27 16:11:34,327 [INFO] Set initial values for Amps 0.100000 and Volts 600.000000
ptd-server 2023-02-27 16:11:34,328 [INFO] Stopping ptd...
