client 2023-02-24 23:09:28,230 [INFO] Creating output directory '/home/arjun/mobilenet_results/valid_results/arjun_orin-tflite_cpp-cpu-tflite-vmaster-default_config/efficientnet-int8-lite1/singlestream/performance/tmp_power'
client 2023-02-24 23:09:28,415 [INFO] Sending command to the server: 'mlcommons/power client v3'
client 2023-02-24 23:09:28,417 [INFO] Got response: 'mlcommons/power server v3'
client 2023-02-24 23:09:28,418 [INFO] Synchronizing with the server and with time.google.com...
client 2023-02-24 23:09:28,466 [INFO] NTP:offset = -0.001 s, delay = 0.016 s 
client 2023-02-24 23:09:28,467 [INFO] Sending command to the server: 'time'
client 2023-02-24 23:09:28,471 [INFO] Got response: '1677280168.4693441'
client 2023-02-24 23:09:28,471 [INFO] The time difference between the client and the server is within range -2.111 ms..2.202 ms
client 2023-02-24 23:09:28,471 [INFO] Sending command to the server: 'new,,0a3467db-7d04-46e9-92bf-e0219304f057'
client 2023-02-24 23:09:28,476 [INFO] Got response: 'OK 2023-02-24_23-09-28,9fc7e98a-512d-4ef3-8e0f-fa136d59d738'
client 2023-02-24 23:09:28,476 [INFO] Session id is '2023-02-24_23-09-28'
client 2023-02-24 23:09:28,476 [INFO] Sources: {"sources": {"__init__.py": "da39a3ee5e6b4b0d3255bfef95601890afd80709", "client.py": "33ca4f26368777ac06e01f9567b714a4b8063886", "lib/__init__.py": "da39a3ee5e6b4b0d3255bfef95601890afd80709", "lib/client.py": "4c2b78fb4849a7e5b584ef792d82aaed20b17f57", "lib/common.py": "624d0c0acc7c39aaff3674f0b99d6a09da53d1dc", "lib/external/__init__.py": "da39a3ee5e6b4b0d3255bfef95601890afd80709", "lib/external/ntplib.py": "4da8f970656505a40483206ef2b5d3dd5e81711d", "lib/server.py": "cda0cdfaee9bfa1249c64a7dd4f89b7bf1b279f0", "lib/source_hashes.py": "60a2e02193209e8d392803326208d5466342da18", "lib/summary.py": "aa92f0a3f975eecd44d3c0cd0236342ccc9f941d", "lib/time_sync.py": "3210db56eb0ff0df57bf4293dc4d4b03fffd46f1", "server.py": "c3f90f2f7eeb4db30727556d0c815ebc89b3d28b", "tests/unit/__init__.py": "da39a3ee5e6b4b0d3255bfef95601890afd80709", "tests/unit/test_server.py": "99ae15aef722f2000ee6ed1ae1523637bf1ae42b", "tests/unit/test_source_hashes.py": "00468a2907583c593e6574a1f6b404e4651c221a"}, "modules": {"ptd_client_server.lib.client": "lib/client.py", "ptd_client_server.lib.common": "lib/common.py", "ptd_client_server.lib.external.ntplib": "lib/external/ntplib.py", "ptd_client_server.lib.source_hashes": "lib/source_hashes.py", "ptd_client_server.lib.summary": "lib/summary.py", "ptd_client_server.lib.time_sync": "lib/time_sync.py"}}
client 2023-02-24 23:09:28,476 [INFO] Running workload in ranging mode
client 2023-02-24 23:09:28,477 [INFO] Synchronizing with the server and with time.google.com...
client 2023-02-24 23:09:28,494 [INFO] NTP:offset = 0.000 s, delay = 0.015 s 
client 2023-02-24 23:09:28,494 [INFO] Sending command to the server: 'time'
client 2023-02-24 23:09:28,498 [INFO] Got response: '1677280168.4970078'
client 2023-02-24 23:09:28,498 [INFO] The time difference between the client and the server is within range -2.252 ms..1.510 ms
client 2023-02-24 23:09:28,498 [INFO] Sending command to the server: 'session,2023-02-24_23-09-28,start,ranging'
client 2023-02-24 23:09:56,632 [INFO] Got response: 'OK'
client 2023-02-24 23:09:56,633 [INFO] Running the workload '/home/arjun/run.out'
client 2023-02-24 23:20:58,470 [INFO] Sending command to the server: 'session,2023-02-24_23-09-28,stop,ranging'
client 2023-02-24 23:21:08,838 [INFO] Got response: 'OK'
client 2023-02-24 23:21:08,865 [INFO] Copying loadgen logs from '/home/arjun/mobilenet_results/valid_results/arjun_orin-tflite_cpp-cpu-tflite-vmaster-default_config/efficientnet-int8-lite1/singlestream/performance/run_1' to '/home/arjun/mobilenet_results/valid_results/arjun_orin-tflite_cpp-cpu-tflite-vmaster-default_config/efficientnet-int8-lite1/singlestream/performance/tmp_power/ranging'
client 2023-02-24 23:21:08,868 [INFO] Running workload in testing mode
client 2023-02-24 23:21:08,868 [INFO] Synchronizing with the server and with time.google.com...
client 2023-02-24 23:21:08,888 [INFO] NTP:offset = -0.001 s, delay = 0.015 s 
client 2023-02-24 23:21:08,888 [INFO] Sending command to the server: 'time'
client 2023-02-24 23:21:08,905 [INFO] Got response: '1677280868.9042554'
client 2023-02-24 23:21:08,905 [INFO] The time difference between the client and the server is within range -15.603 ms..1.275 ms
client 2023-02-24 23:21:08,905 [INFO] Sending command to the server: 'session,2023-02-24_23-09-28,start,testing'
client 2023-02-24 23:21:22,652 [INFO] Got response: 'OK'
client 2023-02-24 23:21:22,653 [INFO] Running the workload '/home/arjun/run.out'
client 2023-02-24 23:32:22,155 [INFO] Sending command to the server: 'session,2023-02-24_23-09-28,stop,testing'
client 2023-02-24 23:32:32,798 [INFO] Got response: 'OK'
client 2023-02-24 23:32:32,802 [INFO] Copying loadgen logs from '/home/arjun/mobilenet_results/valid_results/arjun_orin-tflite_cpp-cpu-tflite-vmaster-default_config/efficientnet-int8-lite1/singlestream/performance/run_1' to '/home/arjun/mobilenet_results/valid_results/arjun_orin-tflite_cpp-cpu-tflite-vmaster-default_config/efficientnet-int8-lite1/singlestream/performance/tmp_power/run_1'
client 2023-02-24 23:32:32,805 [INFO] Done runs
