client 2023-01-29 13:07:02,541 [INFO] Creating output directory '/home/arjun/tmp/test_results/onnxruntime-cpu/resnet50/offline/performance/tmp_power'
client 2023-01-29 13:07:02,587 [INFO] Sending command to the server: 'mlcommons/power client v3'
client 2023-01-29 13:07:02,589 [INFO] Got response: 'mlcommons/power server v3'
client 2023-01-29 13:07:02,589 [INFO] Synchronizing with the server and with time.google.com...
client 2023-01-29 13:07:02,633 [INFO] NTP:offset = 0.002 s, delay = 0.016 s 
client 2023-01-29 13:07:02,634 [INFO] Sending command to the server: 'time'
client 2023-01-29 13:07:02,636 [INFO] Got response: '1674997622.637838'
client 2023-01-29 13:07:02,636 [INFO] The time difference between the client and the server is within range -3.628 ms..-1.558 ms
client 2023-01-29 13:07:02,636 [INFO] Sending command to the server: 'new,,c2674e66-396c-4c9c-a6e5-689e25c38c60'
client 2023-01-29 13:07:02,638 [INFO] Got response: 'OK 2023-01-29_13-07-02,8300f08b-3a4c-4d08-9270-582779a7047d'
client 2023-01-29 13:07:02,638 [INFO] Session id is '2023-01-29_13-07-02'
client 2023-01-29 13:07:02,638 [INFO] Sources: {"sources": {"__init__.py": "da39a3ee5e6b4b0d3255bfef95601890afd80709", "client.py": "33ca4f26368777ac06e01f9567b714a4b8063886", "lib/__init__.py": "da39a3ee5e6b4b0d3255bfef95601890afd80709", "lib/client.py": "a3a8ec553be1ae8e2a39962d789ddd92576e1c8e", "lib/common.py": "611d8b29633d331eb19c9455ea3b5fa3284ed6df", "lib/external/__init__.py": "da39a3ee5e6b4b0d3255bfef95601890afd80709", "lib/external/ntplib.py": "4da8f970656505a40483206ef2b5d3dd5e81711d", "lib/server.py": "c6fe52700ebcae5fdc8341fa8f492643a6a45523", "lib/source_hashes.py": "60a2e02193209e8d392803326208d5466342da18", "lib/summary.py": "aa92f0a3f975eecd44d3c0cd0236342ccc9f941d", "lib/time_sync.py": "3210db56eb0ff0df57bf4293dc4d4b03fffd46f1", "server.py": "c3f90f2f7eeb4db30727556d0c815ebc89b3d28b", "tests/unit/__init__.py": "da39a3ee5e6b4b0d3255bfef95601890afd80709", "tests/unit/test_server.py": "99ae15aef722f2000ee6ed1ae1523637bf1ae42b", "tests/unit/test_source_hashes.py": "00468a2907583c593e6574a1f6b404e4651c221a"}, "modules": {"ptd_client_server.lib.client": "lib/client.py", "ptd_client_server.lib.common": "lib/common.py", "ptd_client_server.lib.external.ntplib": "lib/external/ntplib.py", "ptd_client_server.lib.source_hashes": "lib/source_hashes.py", "ptd_client_server.lib.summary": "lib/summary.py", "ptd_client_server.lib.time_sync": "lib/time_sync.py"}}
client 2023-01-29 13:07:02,639 [INFO] Running workload in ranging mode
client 2023-01-29 13:07:02,639 [INFO] Synchronizing with the server and with time.google.com...
client 2023-01-29 13:07:02,661 [INFO] NTP:offset = 0.001 s, delay = 0.019 s 
client 2023-01-29 13:07:02,661 [INFO] Sending command to the server: 'time'
client 2023-01-29 13:07:02,663 [INFO] Got response: '1674997622.6652336'
client 2023-01-29 13:07:02,663 [INFO] The time difference between the client and the server is within range -3.859 ms..-1.919 ms
client 2023-01-29 13:07:02,663 [INFO] Sending command to the server: 'session,2023-01-29_13-07-02,start,ranging'
client 2023-01-29 13:07:30,685 [INFO] Got response: 'OK'
client 2023-01-29 13:07:30,686 [INFO] Running the workload 'cd /media/arjun/T7_Touch/hp-envy/CM/repos/local/cache/ed932311c4b1442e/inference/vision/classification_and_detection && OUTPUT_DIR=/home/arjun/tmp/test_results/onnxruntime-cpu/resnet50/offline/performance/run_1 ./run_local.sh onnxruntime resnet50 cpu --scenario Offline --max-batchsize 1 --count 500 --mlperf_conf /media/arjun/T7_Touch/hp-envy/CM/repos/local/cache/ed932311c4b1442e/inference/mlperf.conf --threads 8 --user_conf /home/arjun/CM/repos/octoml@ck/cm-mlops/script/app-mlperf-inference/tmp/79e93d3b45a74cc89e127e53ca35a11f.conf --use_preprocessed_dataset --cache_dir /media/arjun/T7_Touch/hp-envy/CM/repos/local/cache/790fa847d0d24b54 --dataset-list /media/arjun/T7_Touch/hp-envy/CM/repos/local/cache/0db6eaf100c745cd/images/val_map.txt'
client 2023-01-29 13:08:05,764 [INFO] Sending command to the server: 'session,2023-01-29_13-07-02,stop,ranging'
client 2023-01-29 13:08:15,902 [INFO] Got response: 'OK'
client 2023-01-29 13:08:15,912 [INFO] Copying loadgen logs from '/home/arjun/tmp/test_results/onnxruntime-cpu/resnet50/offline/performance/run_1' to '/home/arjun/tmp/test_results/onnxruntime-cpu/resnet50/offline/performance/tmp_power/ranging'
client 2023-01-29 13:08:15,913 [INFO] Running workload in testing mode
client 2023-01-29 13:08:15,914 [INFO] Synchronizing with the server and with time.google.com...
client 2023-01-29 13:08:15,930 [INFO] NTP:offset = 0.001 s, delay = 0.015 s 
client 2023-01-29 13:08:15,932 [INFO] Sending command to the server: 'time'
client 2023-01-29 13:08:16,008 [INFO] Got response: '1674997696.0098696'
client 2023-01-29 13:08:16,009 [INFO] The time difference between the client and the server is within range -78.632 ms..-0.297 ms
client 2023-01-29 13:08:16,009 [INFO] Sending command to the server: 'session,2023-01-29_13-07-02,start,testing'
client 2023-01-29 13:08:29,846 [INFO] Got response: 'OK'
client 2023-01-29 13:08:29,847 [INFO] Running the workload 'cd /media/arjun/T7_Touch/hp-envy/CM/repos/local/cache/ed932311c4b1442e/inference/vision/classification_and_detection && OUTPUT_DIR=/home/arjun/tmp/test_results/onnxruntime-cpu/resnet50/offline/performance/run_1 ./run_local.sh onnxruntime resnet50 cpu --scenario Offline --max-batchsize 1 --count 500 --mlperf_conf /media/arjun/T7_Touch/hp-envy/CM/repos/local/cache/ed932311c4b1442e/inference/mlperf.conf --threads 8 --user_conf /home/arjun/CM/repos/octoml@ck/cm-mlops/script/app-mlperf-inference/tmp/79e93d3b45a74cc89e127e53ca35a11f.conf --use_preprocessed_dataset --cache_dir /media/arjun/T7_Touch/hp-envy/CM/repos/local/cache/790fa847d0d24b54 --dataset-list /media/arjun/T7_Touch/hp-envy/CM/repos/local/cache/0db6eaf100c745cd/images/val_map.txt'
client 2023-01-29 13:09:04,103 [INFO] Sending command to the server: 'session,2023-01-29_13-07-02,stop,testing'
client 2023-01-29 13:09:14,170 [INFO] Got response: 'OK'
client 2023-01-29 13:09:14,172 [INFO] Copying loadgen logs from '/home/arjun/tmp/test_results/onnxruntime-cpu/resnet50/offline/performance/run_1' to '/home/arjun/tmp/test_results/onnxruntime-cpu/resnet50/offline/performance/tmp_power/run_1'
client 2023-01-29 13:09:14,173 [INFO] Done runs
