ptd-server 2023-01-29 13:07:02,637 [INFO] Got command from the client 'time'
ptd-server 2023-01-29 13:07:02,637 [INFO] Sending reply to client '1674997622.637838'
ptd-server 2023-01-29 13:07:02,639 [INFO] Got command from the client 'new,,c2674e66-396c-4c9c-a6e5-689e25c38c60'
ptd-server 2023-01-29 13:07:02,640 [INFO] Sending reply to client 'OK 2023-01-29_13-07-02,8300f08b-3a4c-4d08-9270-582779a7047d'
ptd-server 2023-01-29 13:07:02,665 [INFO] Got command from the client 'time'
ptd-server 2023-01-29 13:07:02,665 [INFO] Sending reply to client '1674997622.6652336'
ptd-server 2023-01-29 13:07:02,667 [INFO] Got command from the client 'session,2023-01-29_13-07-02,start,ranging'
ptd-server 2023-01-29 13:07:02,667 [INFO] Running PTDaemon: ['/home/arjun/ptd-1.10.1-310test', '-l', '/tmp/tmpl4md_cc4/ptd_logfile.txt', '-p', '8888', '49', '/dev/usbtmc1']
ptd-server 2023-01-29 13:07:19,652 [INFO] Sending to ptd: 'Hello'
ptd-server 2023-01-29 13:07:19,652 [INFO] Reply from ptd: 'Hello, PTDaemon here!'
ptd-server 2023-01-29 13:07:19,652 [INFO] Sending to ptd: 'Identify'
ptd-server 2023-01-29 13:07:19,652 [INFO] Reply from ptd: 'YokogawaWT310E,1000,1,1,1,1,0,1,1,version=1.10.1_310test-c8beaa7f-20230113,OS=Linux 5.15.0-58-generic #64-Ubuntu SMP Thu Jan 5 11:43:13 UTC 2023 x86_64,mode=power,1,1,1,0,0,no_cal_date,YOKOGAWA;WT310E;C3YD21068E;F1.04'
ptd-server 2023-01-29 13:07:19,652 [INFO] Connected to PTDaemon
ptd-server 2023-01-29 13:07:19,652 [INFO] Sending to ptd: 'RR'
ptd-server 2023-01-29 13:07:19,652 [INFO] Reply from ptd: 'Ranges,0,0.100000,0,600.000000'
ptd-server 2023-01-29 13:07:19,652 [INFO] Initial range for Amps is 0.100000 for Volts is 600.000000
ptd-server 2023-01-29 13:07:19,652 [INFO] Sending to ptd: 'SR,V,Auto'
ptd-server 2023-01-29 13:07:20,155 [INFO] Reply from ptd: 'Range V changed'
ptd-server 2023-01-29 13:07:20,155 [INFO] Sending to ptd: 'SR,A,Auto'
ptd-server 2023-01-29 13:07:20,657 [INFO] Reply from ptd: 'Range A changed'
ptd-server 2023-01-29 13:07:30,668 [INFO] Starting ranging mode
ptd-server 2023-01-29 13:07:30,668 [INFO] Sending to ptd: 'Go,1000,0,2023-01-29_13-07-02_ranging'
ptd-server 2023-01-29 13:07:30,668 [INFO] Reply from ptd: 'Starting untimed measurement, maximum 500000 samples at 1000ms with 0 rampup samples'
ptd-server 2023-01-29 13:07:30,668 [INFO] Sending reply to client 'OK'
ptd-server 2023-01-29 13:08:05,871 [INFO] Got command from the client 'session,2023-01-29_13-07-02,stop,ranging'
ptd-server 2023-01-29 13:08:15,881 [INFO] Sending to ptd: 'Stop'
ptd-server 2023-01-29 13:08:15,882 [INFO] Reply from ptd: 'Stopping untimed measurement'
ptd-server 2023-01-29 13:08:15,883 [INFO] Sending reply to client 'OK'
ptd-server 2023-01-29 13:08:16,009 [INFO] Got command from the client 'time'
ptd-server 2023-01-29 13:08:16,009 [INFO] Sending reply to client '1674997696.0098696'
ptd-server 2023-01-29 13:08:16,013 [INFO] Got command from the client 'session,2023-01-29_13-07-02,start,testing'
ptd-server 2023-01-29 13:08:16,013 [INFO] Sending to ptd: 'SR,V,245.800000'
ptd-server 2023-01-29 13:08:18,170 [INFO] Reply from ptd: 'Range V changed'
ptd-server 2023-01-29 13:08:18,170 [INFO] Sending to ptd: 'SR,A,0.130720'
ptd-server 2023-01-29 13:08:19,672 [INFO] Reply from ptd: 'Range A changed'
ptd-server 2023-01-29 13:08:29,682 [INFO] Starting testing mode
ptd-server 2023-01-29 13:08:29,682 [INFO] maxAmps: 0.130720, maxVolts: 245.800000
ptd-server 2023-01-29 13:08:29,682 [INFO] Sending to ptd: 'Go,1000,0,2023-01-29_13-07-02_testing'
ptd-server 2023-01-29 13:08:29,682 [INFO] Reply from ptd: 'Starting untimed measurement, maximum 500000 samples at 1000ms with 0 rampup samples'
ptd-server 2023-01-29 13:08:29,682 [INFO] Sending reply to client 'OK'
ptd-server 2023-01-29 13:09:04,137 [INFO] Got command from the client 'session,2023-01-29_13-07-02,stop,testing'
ptd-server 2023-01-29 13:09:14,148 [INFO] Sending to ptd: 'Watts'
ptd-server 2023-01-29 13:09:14,148 [INFO] Reply from ptd: 'Watts,14.759822,14.529000,15.364000,45,0,45'
ptd-server 2023-01-29 13:09:14,148 [INFO] Sending to ptd: 'Uncertainty'
ptd-server 2023-01-29 13:09:14,148 [INFO] Reply from ptd: 'Uncertainty,0.005724,0.005658,0.005753,45,0,45,0'
ptd-server 2023-01-29 13:09:14,148 [INFO] Sending to ptd: 'Stop'
ptd-server 2023-01-29 13:09:14,148 [INFO] Reply from ptd: 'Stopping untimed measurement'
ptd-server 2023-01-29 13:09:14,156 [INFO] Sending reply to client 'OK'
ptd-server 2023-01-29 13:09:14,275 [INFO] Got command from the client 'session,2023-01-29_13-07-02,done'
ptd-server 2023-01-29 13:09:14,275 [INFO] Sending to ptd: 'Stop'
ptd-server 2023-01-29 13:09:14,682 [INFO] Reply from ptd: 'Error: no measurement to stop'
ptd-server 2023-01-29 13:09:14,683 [INFO] Sending to ptd: 'SR,V,600.000000'
ptd-server 2023-01-29 13:09:16,184 [INFO] Reply from ptd: 'Range V changed'
ptd-server 2023-01-29 13:09:16,184 [INFO] Sending to ptd: 'SR,A,0.100000'
ptd-server 2023-01-29 13:09:17,685 [INFO] Reply from ptd: 'Range A changed'
ptd-server 2023-01-29 13:09:17,685 [INFO] Set initial values for Amps 0.100000 and Volts 600.000000
ptd-server 2023-01-29 13:09:17,685 [INFO] Stopping ptd...
