client 2023-02-11 19:10:29,185 [INFO] Creating output directory '/home/arjun/CM/repos/octoml@ck/cm-mlops/script/run-mlperf-inference-app/valid_results/arjun_orin-tflite_cpp-cpu-armnn_tflite-v22.11-default_config/efficientnet-fp32-lite3/singlestream/performance/tmp_power'
client 2023-02-11 19:10:29,188 [INFO] Sending command to the server: 'mlcommons/power client v3'
client 2023-02-11 19:10:29,191 [INFO] Got response: 'mlcommons/power server v3'
client 2023-02-11 19:10:29,191 [INFO] Synchronizing with the server and with time.google.com...
client 2023-02-11 19:10:29,217 [INFO] NTP:offset = -0.001 s, delay = 0.014 s 
client 2023-02-11 19:10:29,217 [INFO] Sending command to the server: 'time'
client 2023-02-11 19:10:29,221 [INFO] Got response: '1676142629.2193582'
client 2023-02-11 19:10:29,221 [INFO] The time difference between the client and the server is within range -1.555 ms..2.507 ms
client 2023-02-11 19:10:29,222 [INFO] Sending command to the server: 'new,,ff574410-b096-4026-93b4-3223b08d5e95'
client 2023-02-11 19:10:29,225 [INFO] Got response: 'OK 2023-02-11_19-10-29,a6884d72-8218-424b-b06a-9bb957942b85'
client 2023-02-11 19:10:29,225 [INFO] Session id is '2023-02-11_19-10-29'
client 2023-02-11 19:10:29,226 [INFO] Sources: {"sources": {"__init__.py": "da39a3ee5e6b4b0d3255bfef95601890afd80709", "client.py": "33ca4f26368777ac06e01f9567b714a4b8063886", "lib/__init__.py": "da39a3ee5e6b4b0d3255bfef95601890afd80709", "lib/client.py": "c146491755e219a28d440b31f83998dbd5532483", "lib/common.py": "611d8b29633d331eb19c9455ea3b5fa3284ed6df", "lib/external/__init__.py": "da39a3ee5e6b4b0d3255bfef95601890afd80709", "lib/external/ntplib.py": "4da8f970656505a40483206ef2b5d3dd5e81711d", "lib/server.py": "8054263a14dedddcf8e1c01adc19596c21bad591", "lib/source_hashes.py": "60a2e02193209e8d392803326208d5466342da18", "lib/summary.py": "aa92f0a3f975eecd44d3c0cd0236342ccc9f941d", "lib/time_sync.py": "3210db56eb0ff0df57bf4293dc4d4b03fffd46f1", "server.py": "c3f90f2f7eeb4db30727556d0c815ebc89b3d28b", "tests/unit/__init__.py": "da39a3ee5e6b4b0d3255bfef95601890afd80709", "tests/unit/test_server.py": "948c1995d4008bc2aa6c4046a34ffa3858d6d671", "tests/unit/test_source_hashes.py": "00468a2907583c593e6574a1f6b404e4651c221a"}, "modules": {"ptd_client_server.lib.client": "lib/client.py", "ptd_client_server.lib.common": "lib/common.py", "ptd_client_server.lib.external.ntplib": "lib/external/ntplib.py", "ptd_client_server.lib.source_hashes": "lib/source_hashes.py", "ptd_client_server.lib.summary": "lib/summary.py", "ptd_client_server.lib.time_sync": "lib/time_sync.py"}}
client 2023-02-11 19:10:29,226 [INFO] Running workload in ranging mode
client 2023-02-11 19:10:29,226 [INFO] Synchronizing with the server and with time.google.com...
client 2023-02-11 19:10:29,240 [INFO] NTP:offset = -0.001 s, delay = 0.012 s 
client 2023-02-11 19:10:29,240 [INFO] Sending command to the server: 'time'
client 2023-02-11 19:10:29,243 [INFO] Got response: '1676142629.2419205'
client 2023-02-11 19:10:29,243 [INFO] The time difference between the client and the server is within range -1.544 ms..1.451 ms
client 2023-02-11 19:10:29,243 [INFO] Sending command to the server: 'session,2023-02-11_19-10-29,start,ranging'
client 2023-02-11 19:10:57,360 [INFO] Got response: 'OK'
client 2023-02-11 19:10:57,361 [INFO] Running the workload '/home/arjun/CM/repos/octoml@ck/cm-mlops/script/run-mlperf-inference-app/run.out'
client 2023-02-11 19:21:03,324 [INFO] Sending command to the server: 'session,2023-02-11_19-10-29,stop,ranging'
client 2023-02-11 19:21:14,448 [INFO] Got response: 'OK'
client 2023-02-11 19:21:14,503 [INFO] Copying loadgen logs from '/home/arjun/CM/repos/octoml@ck/cm-mlops/script/run-mlperf-inference-app/valid_results/arjun_orin-tflite_cpp-cpu-armnn_tflite-v22.11-default_config/efficientnet-fp32-lite3/singlestream/performance/run_1' to '/home/arjun/CM/repos/octoml@ck/cm-mlops/script/run-mlperf-inference-app/valid_results/arjun_orin-tflite_cpp-cpu-armnn_tflite-v22.11-default_config/efficientnet-fp32-lite3/singlestream/performance/tmp_power/ranging'
client 2023-02-11 19:21:14,505 [INFO] Running workload in testing mode
client 2023-02-11 19:21:14,505 [INFO] Synchronizing with the server and with time.google.com...
client 2023-02-11 19:21:14,540 [INFO] NTP:offset = -0.000 s, delay = 0.017 s 
client 2023-02-11 19:21:14,541 [INFO] Sending command to the server: 'time'
client 2023-02-11 19:21:14,544 [INFO] Got response: '1676143274.542876'
client 2023-02-11 19:21:14,544 [INFO] The time difference between the client and the server is within range -1.750 ms..1.582 ms
client 2023-02-11 19:21:14,544 [INFO] Sending command to the server: 'session,2023-02-11_19-10-29,start,testing'
client 2023-02-11 19:21:27,570 [INFO] Got response: 'OK'
client 2023-02-11 19:21:27,570 [INFO] Running the workload '/home/arjun/CM/repos/octoml@ck/cm-mlops/script/run-mlperf-inference-app/run.out'
client 2023-02-11 19:31:28,326 [INFO] Sending command to the server: 'session,2023-02-11_19-10-29,stop,testing'
client 2023-02-11 19:31:38,623 [INFO] Got response: 'OK'
client 2023-02-11 19:31:38,627 [INFO] Copying loadgen logs from '/home/arjun/CM/repos/octoml@ck/cm-mlops/script/run-mlperf-inference-app/valid_results/arjun_orin-tflite_cpp-cpu-armnn_tflite-v22.11-default_config/efficientnet-fp32-lite3/singlestream/performance/run_1' to '/home/arjun/CM/repos/octoml@ck/cm-mlops/script/run-mlperf-inference-app/valid_results/arjun_orin-tflite_cpp-cpu-armnn_tflite-v22.11-default_config/efficientnet-fp32-lite3/singlestream/performance/tmp_power/run_1'
client 2023-02-11 19:31:38,630 [INFO] Done runs
