client 2023-02-11 18:04:07,545 [INFO] Creating output directory '/home/arjun/CM/repos/octoml@ck/cm-mlops/script/run-mlperf-inference-app/valid_results/arjun_orin-tflite_cpp-cpu-armnn_tflite-v22.11-default_config/efficientnet-fp32-lite2/singlestream/performance/tmp_power'
client 2023-02-11 18:04:07,598 [INFO] Sending command to the server: 'mlcommons/power client v3'
client 2023-02-11 18:04:07,601 [INFO] Got response: 'mlcommons/power server v3'
client 2023-02-11 18:04:07,601 [INFO] Synchronizing with the server and with time.google.com...
client 2023-02-11 18:04:07,646 [INFO] NTP:offset = -0.000 s, delay = 0.015 s 
client 2023-02-11 18:04:07,647 [INFO] Sending command to the server: 'time'
client 2023-02-11 18:04:07,651 [INFO] Got response: '1676138647.6487489'
client 2023-02-11 18:04:07,651 [INFO] The time difference between the client and the server is within range -1.463 ms..2.930 ms
client 2023-02-11 18:04:07,651 [INFO] Sending command to the server: 'new,,b2b18b12-98e5-471e-b701-ccf2a32e3d73'
client 2023-02-11 18:04:07,656 [INFO] Got response: 'OK 2023-02-11_18-04-07,86945af3-1022-413c-b685-b189bf2232be'
client 2023-02-11 18:04:07,656 [INFO] Session id is '2023-02-11_18-04-07'
client 2023-02-11 18:04:07,656 [INFO] Sources: {"sources": {"__init__.py": "da39a3ee5e6b4b0d3255bfef95601890afd80709", "client.py": "33ca4f26368777ac06e01f9567b714a4b8063886", "lib/__init__.py": "da39a3ee5e6b4b0d3255bfef95601890afd80709", "lib/client.py": "c146491755e219a28d440b31f83998dbd5532483", "lib/common.py": "611d8b29633d331eb19c9455ea3b5fa3284ed6df", "lib/external/__init__.py": "da39a3ee5e6b4b0d3255bfef95601890afd80709", "lib/external/ntplib.py": "4da8f970656505a40483206ef2b5d3dd5e81711d", "lib/server.py": "8054263a14dedddcf8e1c01adc19596c21bad591", "lib/source_hashes.py": "60a2e02193209e8d392803326208d5466342da18", "lib/summary.py": "aa92f0a3f975eecd44d3c0cd0236342ccc9f941d", "lib/time_sync.py": "3210db56eb0ff0df57bf4293dc4d4b03fffd46f1", "server.py": "c3f90f2f7eeb4db30727556d0c815ebc89b3d28b", "tests/unit/__init__.py": "da39a3ee5e6b4b0d3255bfef95601890afd80709", "tests/unit/test_server.py": "948c1995d4008bc2aa6c4046a34ffa3858d6d671", "tests/unit/test_source_hashes.py": "00468a2907583c593e6574a1f6b404e4651c221a"}, "modules": {"ptd_client_server.lib.client": "lib/client.py", "ptd_client_server.lib.common": "lib/common.py", "ptd_client_server.lib.external.ntplib": "lib/external/ntplib.py", "ptd_client_server.lib.source_hashes": "lib/source_hashes.py", "ptd_client_server.lib.summary": "lib/summary.py", "ptd_client_server.lib.time_sync": "lib/time_sync.py"}}
client 2023-02-11 18:04:07,657 [INFO] Running workload in ranging mode
client 2023-02-11 18:04:07,657 [INFO] Synchronizing with the server and with time.google.com...
client 2023-02-11 18:04:07,674 [INFO] NTP:offset = -0.002 s, delay = 0.014 s 
client 2023-02-11 18:04:07,674 [INFO] Sending command to the server: 'time'
client 2023-02-11 18:04:07,678 [INFO] Got response: '1676138647.675874'
client 2023-02-11 18:04:07,678 [INFO] The time difference between the client and the server is within range -1.151 ms..2.991 ms
client 2023-02-11 18:04:07,679 [INFO] Sending command to the server: 'session,2023-02-11_18-04-07,start,ranging'
client 2023-02-11 18:04:35,792 [INFO] Got response: 'OK'
client 2023-02-11 18:04:35,793 [INFO] Running the workload '/home/arjun/CM/repos/octoml@ck/cm-mlops/script/run-mlperf-inference-app/run.out'
client 2023-02-11 18:14:40,473 [INFO] Sending command to the server: 'session,2023-02-11_18-04-07,stop,ranging'
client 2023-02-11 18:14:50,859 [INFO] Got response: 'OK'
client 2023-02-11 18:14:50,906 [INFO] Copying loadgen logs from '/home/arjun/CM/repos/octoml@ck/cm-mlops/script/run-mlperf-inference-app/valid_results/arjun_orin-tflite_cpp-cpu-armnn_tflite-v22.11-default_config/efficientnet-fp32-lite2/singlestream/performance/run_1' to '/home/arjun/CM/repos/octoml@ck/cm-mlops/script/run-mlperf-inference-app/valid_results/arjun_orin-tflite_cpp-cpu-armnn_tflite-v22.11-default_config/efficientnet-fp32-lite2/singlestream/performance/tmp_power/ranging'
client 2023-02-11 18:14:50,909 [INFO] Running workload in testing mode
client 2023-02-11 18:14:50,909 [INFO] Synchronizing with the server and with time.google.com...
client 2023-02-11 18:14:50,942 [INFO] NTP:offset = -0.000 s, delay = 0.015 s 
client 2023-02-11 18:14:50,942 [INFO] Sending command to the server: 'time'
client 2023-02-11 18:14:50,946 [INFO] Got response: '1676139290.9439518'
client 2023-02-11 18:14:50,946 [INFO] The time difference between the client and the server is within range -1.639 ms..2.315 ms
client 2023-02-11 18:14:50,946 [INFO] Sending command to the server: 'session,2023-02-11_18-04-07,start,testing'
client 2023-02-11 18:15:03,970 [INFO] Got response: 'OK'
client 2023-02-11 18:15:03,970 [INFO] Running the workload '/home/arjun/CM/repos/octoml@ck/cm-mlops/script/run-mlperf-inference-app/run.out'
client 2023-02-11 18:25:04,619 [INFO] Sending command to the server: 'session,2023-02-11_18-04-07,stop,testing'
client 2023-02-11 18:25:15,027 [INFO] Got response: 'OK'
client 2023-02-11 18:25:15,030 [INFO] Copying loadgen logs from '/home/arjun/CM/repos/octoml@ck/cm-mlops/script/run-mlperf-inference-app/valid_results/arjun_orin-tflite_cpp-cpu-armnn_tflite-v22.11-default_config/efficientnet-fp32-lite2/singlestream/performance/run_1' to '/home/arjun/CM/repos/octoml@ck/cm-mlops/script/run-mlperf-inference-app/valid_results/arjun_orin-tflite_cpp-cpu-armnn_tflite-v22.11-default_config/efficientnet-fp32-lite2/singlestream/performance/tmp_power/run_1'
client 2023-02-11 18:25:15,031 [INFO] Done runs
