client 2023-02-21 13:09:55,700 [INFO] Creating output directory '/home/arjun/orin_results/valid_results/arjun_orin-reference-cpu-onnxruntime-v1.14.0-default_config/resnet50/offline/performance/tmp_power'
client 2023-02-21 13:09:55,703 [INFO] Sending command to the server: 'mlcommons/power client v3'
client 2023-02-21 13:09:55,706 [INFO] Got response: 'mlcommons/power server v3'
client 2023-02-21 13:09:55,706 [INFO] Synchronizing with the server and with time.google.com...
client 2023-02-21 13:09:55,729 [INFO] NTP:offset = -0.001 s, delay = 0.017 s 
client 2023-02-21 13:09:55,730 [INFO] Sending command to the server: 'time'
client 2023-02-21 13:09:55,733 [INFO] Got response: '1676984995.7326684'
client 2023-02-21 13:09:55,733 [INFO] The time difference between the client and the server is within range -2.618 ms..0.846 ms
client 2023-02-21 13:09:55,733 [INFO] Sending command to the server: 'new,,d1751be0-6964-49e8-9028-dd779319e87e'
client 2023-02-21 13:09:55,738 [INFO] Got response: 'OK 2023-02-21_13-09-55,bdf26b36-35c4-49fc-b221-ecd2b5d478f1'
client 2023-02-21 13:09:55,738 [INFO] Session id is '2023-02-21_13-09-55'
client 2023-02-21 13:09:55,738 [INFO] Sources: {"sources": {"__init__.py": "da39a3ee5e6b4b0d3255bfef95601890afd80709", "client.py": "33ca4f26368777ac06e01f9567b714a4b8063886", "lib/__init__.py": "da39a3ee5e6b4b0d3255bfef95601890afd80709", "lib/client.py": "4c2b78fb4849a7e5b584ef792d82aaed20b17f57", "lib/common.py": "624d0c0acc7c39aaff3674f0b99d6a09da53d1dc", "lib/external/__init__.py": "da39a3ee5e6b4b0d3255bfef95601890afd80709", "lib/external/ntplib.py": "4da8f970656505a40483206ef2b5d3dd5e81711d", "lib/server.py": "cda0cdfaee9bfa1249c64a7dd4f89b7bf1b279f0", "lib/source_hashes.py": "60a2e02193209e8d392803326208d5466342da18", "lib/summary.py": "aa92f0a3f975eecd44d3c0cd0236342ccc9f941d", "lib/time_sync.py": "3210db56eb0ff0df57bf4293dc4d4b03fffd46f1", "server.py": "c3f90f2f7eeb4db30727556d0c815ebc89b3d28b", "tests/unit/__init__.py": "da39a3ee5e6b4b0d3255bfef95601890afd80709", "tests/unit/test_server.py": "99ae15aef722f2000ee6ed1ae1523637bf1ae42b", "tests/unit/test_source_hashes.py": "00468a2907583c593e6574a1f6b404e4651c221a"}, "modules": {"ptd_client_server.lib.client": "lib/client.py", "ptd_client_server.lib.common": "lib/common.py", "ptd_client_server.lib.external.ntplib": "lib/external/ntplib.py", "ptd_client_server.lib.source_hashes": "lib/source_hashes.py", "ptd_client_server.lib.summary": "lib/summary.py", "ptd_client_server.lib.time_sync": "lib/time_sync.py"}}
client 2023-02-21 13:09:55,739 [INFO] Running workload in ranging mode
client 2023-02-21 13:09:55,739 [INFO] Synchronizing with the server and with time.google.com...
client 2023-02-21 13:09:55,758 [INFO] NTP:offset = -0.001 s, delay = 0.018 s 
client 2023-02-21 13:09:55,758 [INFO] Sending command to the server: 'time'
client 2023-02-21 13:09:55,761 [INFO] Got response: '1676984995.7611098'
client 2023-02-21 13:09:55,761 [INFO] The time difference between the client and the server is within range -2.545 ms..0.319 ms
client 2023-02-21 13:09:55,761 [INFO] Sending command to the server: 'session,2023-02-21_13-09-55,start,ranging'
client 2023-02-21 13:10:23,888 [INFO] Got response: 'OK'
client 2023-02-21 13:10:23,889 [INFO] Running the workload 'cd "/media/arjun/T7/local/cache/32c7dacd753e4a6a/inference/vision/classification_and_detection" && OUTPUT_DIR="/home/arjun/orin_results/valid_results/arjun_orin-reference-cpu-onnxruntime-v1.14.0-default_config/resnet50/offline/performance/run_1" ./run_local.sh onnxruntime resnet50 cpu --scenario Offline --mlperf_conf "/media/arjun/T7/local/cache/32c7dacd753e4a6a/inference/mlperf.conf" --threads 12 --user_conf "/home/arjun/CM/repos/octoml@ck/cm-mlops/script/generate-mlperf-inference-user-conf/tmp/d97aeadbb8ae4c8ea042168f25bfcd5c.conf" --use_preprocessed_dataset --cache_dir /media/arjun/T7/local/cache/cb8ebfbd4b8d43f6 --dataset-list /media/arjun/T7/datasets/imagenet-2012-val/val_map.txt'
client 2023-02-21 13:24:16,132 [INFO] Sending command to the server: 'session,2023-02-21_13-09-55,stop,ranging'
client 2023-02-21 13:24:26,217 [INFO] Got response: 'OK'
client 2023-02-21 13:24:26,248 [INFO] Copying loadgen logs from '/home/arjun/orin_results/valid_results/arjun_orin-reference-cpu-onnxruntime-v1.14.0-default_config/resnet50/offline/performance/run_1' to '/home/arjun/orin_results/valid_results/arjun_orin-reference-cpu-onnxruntime-v1.14.0-default_config/resnet50/offline/performance/tmp_power/ranging'
client 2023-02-21 13:24:26,250 [INFO] Running workload in testing mode
client 2023-02-21 13:24:26,250 [INFO] Synchronizing with the server and with time.google.com...
client 2023-02-21 13:24:26,288 [INFO] NTP:offset = 0.004 s, delay = 0.020 s 
client 2023-02-21 13:24:26,288 [INFO] Sending command to the server: 'time'
client 2023-02-21 13:24:26,292 [INFO] Got response: '1676985866.2956936'
client 2023-02-21 13:24:26,292 [INFO] The time difference between the client and the server is within range -7.287 ms..-2.946 ms
client 2023-02-21 13:24:26,293 [INFO] Sending command to the server: 'session,2023-02-21_13-09-55,start,testing'
client 2023-02-21 13:24:39,904 [INFO] Got response: 'OK'
client 2023-02-21 13:24:39,904 [INFO] Running the workload 'cd "/media/arjun/T7/local/cache/32c7dacd753e4a6a/inference/vision/classification_and_detection" && OUTPUT_DIR="/home/arjun/orin_results/valid_results/arjun_orin-reference-cpu-onnxruntime-v1.14.0-default_config/resnet50/offline/performance/run_1" ./run_local.sh onnxruntime resnet50 cpu --scenario Offline --mlperf_conf "/media/arjun/T7/local/cache/32c7dacd753e4a6a/inference/mlperf.conf" --threads 12 --user_conf "/home/arjun/CM/repos/octoml@ck/cm-mlops/script/generate-mlperf-inference-user-conf/tmp/d97aeadbb8ae4c8ea042168f25bfcd5c.conf" --use_preprocessed_dataset --cache_dir /media/arjun/T7/local/cache/cb8ebfbd4b8d43f6 --dataset-list /media/arjun/T7/datasets/imagenet-2012-val/val_map.txt'
client 2023-02-21 13:38:18,533 [INFO] Sending command to the server: 'session,2023-02-21_13-09-55,stop,testing'
client 2023-02-21 13:38:28,632 [INFO] Got response: 'OK'
client 2023-02-21 13:38:28,636 [INFO] Copying loadgen logs from '/home/arjun/orin_results/valid_results/arjun_orin-reference-cpu-onnxruntime-v1.14.0-default_config/resnet50/offline/performance/run_1' to '/home/arjun/orin_results/valid_results/arjun_orin-reference-cpu-onnxruntime-v1.14.0-default_config/resnet50/offline/performance/tmp_power/run_1'
client 2023-02-21 13:38:28,638 [INFO] Done runs
