ptd-server 2023-02-24 23:09:28,469 [INFO] Got command from the client 'time'
ptd-server 2023-02-24 23:09:28,469 [INFO] Sending reply to client '1677280168.4693441'
ptd-server 2023-02-24 23:09:28,473 [INFO] Got command from the client 'new,,0a3467db-7d04-46e9-92bf-e0219304f057'
ptd-server 2023-02-24 23:09:28,474 [INFO] Sending reply to client 'OK 2023-02-24_23-09-28,9fc7e98a-512d-4ef3-8e0f-fa136d59d738'
ptd-server 2023-02-24 23:09:28,496 [INFO] Got command from the client 'time'
ptd-server 2023-02-24 23:09:28,497 [INFO] Sending reply to client '1677280168.4970078'
ptd-server 2023-02-24 23:09:28,501 [INFO] Got command from the client 'session,2023-02-24_23-09-28,start,ranging'
ptd-server 2023-02-24 23:09:28,502 [INFO] Running PTDaemon: ['/media/arjun/T7_Touch/hp-envy/CM/repos/local/cache/9b3695ca8255492a/power/inference_v1.0/ptd-linux-x86', '-l', '/tmp/tmpti64566v/ptd_logfile.txt', '-p', '8888', '49', '/dev/usbtmc0']
ptd-server 2023-02-24 23:09:45,604 [INFO] Sending to ptd: 'Hello'
ptd-server 2023-02-24 23:09:45,605 [INFO] Reply from ptd: 'Hello, PTDaemon here!'
ptd-server 2023-02-24 23:09:45,606 [INFO] Sending to ptd: 'Identify'
ptd-server 2023-02-24 23:09:45,607 [INFO] Reply from ptd: 'YokogawaWT310E,1000,1,1,1,1,0,1,1,version=1.10.0-ed9a21d2-20220817,OS=Linux 5.15.0-56-generic #62-Ubuntu SMP Tue Nov 22 19:54:14 UTC 2022 x86_64,mode=power,1,1,1,0,0,no_cal_date,YOKOGAWA;WT310E;C3YD21068E;F1.04'
ptd-server 2023-02-24 23:09:45,607 [INFO] Connected to PTDaemon
ptd-server 2023-02-24 23:09:45,608 [INFO] Sending to ptd: 'RR'
ptd-server 2023-02-24 23:09:45,608 [INFO] Reply from ptd: 'Ranges,0,0.100000,0,600.000000'
ptd-server 2023-02-24 23:09:45,609 [INFO] Initial range for Amps is 0.100000 for Volts is 600.000000
ptd-server 2023-02-24 23:09:45,609 [INFO] Sending to ptd: 'SR,V,Auto'
ptd-server 2023-02-24 23:09:46,113 [INFO] Reply from ptd: 'Range V changed'
ptd-server 2023-02-24 23:09:46,114 [INFO] Sending to ptd: 'SR,A,Auto'
ptd-server 2023-02-24 23:09:46,617 [INFO] Reply from ptd: 'Range A changed'
ptd-server 2023-02-24 23:09:56,628 [INFO] Starting ranging mode
ptd-server 2023-02-24 23:09:56,628 [INFO] Sending to ptd: 'Go,1000,0,2023-02-24_23-09-28_ranging'
ptd-server 2023-02-24 23:09:56,630 [INFO] Reply from ptd: 'Starting untimed measurement, maximum 500000 samples at 1000ms with 0 rampup samples'
ptd-server 2023-02-24 23:09:56,630 [INFO] Sending reply to client 'OK'
ptd-server 2023-02-24 23:20:58,692 [INFO] Got command from the client 'session,2023-02-24_23-09-28,stop,ranging'
ptd-server 2023-02-24 23:21:08,703 [INFO] Sending to ptd: 'Stop'
ptd-server 2023-02-24 23:21:08,704 [INFO] Reply from ptd: 'Stopping untimed measurement'
ptd-server 2023-02-24 23:21:08,834 [INFO] Sending reply to client 'OK'
ptd-server 2023-02-24 23:21:08,904 [INFO] Got command from the client 'time'
ptd-server 2023-02-24 23:21:08,904 [INFO] Sending reply to client '1677280868.9042554'
ptd-server 2023-02-24 23:21:08,953 [INFO] Got command from the client 'session,2023-02-24_23-09-28,start,testing'
ptd-server 2023-02-24 23:21:08,953 [INFO] Sending to ptd: 'SR,V,247.630000'
ptd-server 2023-02-24 23:21:11,134 [INFO] Reply from ptd: 'Range V changed'
ptd-server 2023-02-24 23:21:11,135 [INFO] Sending to ptd: 'SR,A,0.173990'
ptd-server 2023-02-24 23:21:12,638 [INFO] Reply from ptd: 'Range A changed'
ptd-server 2023-02-24 23:21:22,649 [INFO] Starting testing mode
ptd-server 2023-02-24 23:21:22,649 [INFO] Sending to ptd: 'Go,1000,0,2023-02-24_23-09-28_testing'
ptd-server 2023-02-24 23:21:22,650 [INFO] Reply from ptd: 'Starting untimed measurement, maximum 500000 samples at 1000ms with 0 rampup samples'
ptd-server 2023-02-24 23:21:22,650 [INFO] Sending reply to client 'OK'
ptd-server 2023-02-24 23:32:22,714 [INFO] Got command from the client 'session,2023-02-24_23-09-28,stop,testing'
ptd-server 2023-02-24 23:32:32,725 [INFO] Sending to ptd: 'Stop'
ptd-server 2023-02-24 23:32:32,727 [INFO] Reply from ptd: 'Stopping untimed measurement'
ptd-server 2023-02-24 23:32:32,797 [INFO] Sending reply to client 'OK'
ptd-server 2023-02-24 23:32:32,814 [INFO] Got command from the client 'session,2023-02-24_23-09-28,done'
ptd-server 2023-02-24 23:32:32,814 [INFO] Sending to ptd: 'Stop'
ptd-server 2023-02-24 23:32:33,651 [INFO] Reply from ptd: 'Error: no measurement to stop'
ptd-server 2023-02-24 23:32:33,651 [INFO] Sending to ptd: 'SR,V,600.000000'
ptd-server 2023-02-24 23:32:35,154 [INFO] Reply from ptd: 'Range V changed'
ptd-server 2023-02-24 23:32:35,154 [INFO] Sending to ptd: 'SR,A,0.100000'
ptd-server 2023-02-24 23:32:36,657 [INFO] Reply from ptd: 'Range A changed'
ptd-server 2023-02-24 23:32:36,658 [INFO] Set initial values for Amps 0.100000 and Volts 600.000000
ptd-server 2023-02-24 23:32:36,658 [INFO] Stopping ptd...
