client 2023-02-11 20:23:25,016 [INFO] Creating output directory '/home/arjun/CM/repos/octoml@ck/cm-mlops/script/run-mlperf-inference-app/valid_results/arjun_orin-tflite_cpp-cpu-armnn_tflite-v22.11-default_config/efficientnet-fp32-lite4/singlestream/performance/tmp_power'
client 2023-02-11 20:23:25,090 [INFO] Sending command to the server: 'mlcommons/power client v3'
client 2023-02-11 20:23:25,094 [INFO] Got response: 'mlcommons/power server v3'
client 2023-02-11 20:23:25,094 [INFO] Synchronizing with the server and with time.google.com...
client 2023-02-11 20:23:25,142 [INFO] NTP:offset = -0.003 s, delay = 0.016 s 
client 2023-02-11 20:23:25,143 [INFO] Sending command to the server: 'time'
client 2023-02-11 20:23:25,146 [INFO] Got response: '1676147005.1458588'
client 2023-02-11 20:23:25,147 [INFO] The time difference between the client and the server is within range -2.561 ms..1.248 ms
client 2023-02-11 20:23:25,147 [INFO] Sending command to the server: 'new,,7e4bca70-fdbe-4206-9c3b-5453aa9cf48d'
client 2023-02-11 20:23:25,151 [INFO] Got response: 'OK 2023-02-11_20-23-25,a86b36f2-bbb7-447a-b3b7-ceb51c4539b3'
client 2023-02-11 20:23:25,152 [INFO] Session id is '2023-02-11_20-23-25'
client 2023-02-11 20:23:25,152 [INFO] Sources: {"sources": {"__init__.py": "da39a3ee5e6b4b0d3255bfef95601890afd80709", "client.py": "33ca4f26368777ac06e01f9567b714a4b8063886", "lib/__init__.py": "da39a3ee5e6b4b0d3255bfef95601890afd80709", "lib/client.py": "c146491755e219a28d440b31f83998dbd5532483", "lib/common.py": "611d8b29633d331eb19c9455ea3b5fa3284ed6df", "lib/external/__init__.py": "da39a3ee5e6b4b0d3255bfef95601890afd80709", "lib/external/ntplib.py": "4da8f970656505a40483206ef2b5d3dd5e81711d", "lib/server.py": "8054263a14dedddcf8e1c01adc19596c21bad591", "lib/source_hashes.py": "60a2e02193209e8d392803326208d5466342da18", "lib/summary.py": "aa92f0a3f975eecd44d3c0cd0236342ccc9f941d", "lib/time_sync.py": "3210db56eb0ff0df57bf4293dc4d4b03fffd46f1", "server.py": "c3f90f2f7eeb4db30727556d0c815ebc89b3d28b", "tests/unit/__init__.py": "da39a3ee5e6b4b0d3255bfef95601890afd80709", "tests/unit/test_server.py": "948c1995d4008bc2aa6c4046a34ffa3858d6d671", "tests/unit/test_source_hashes.py": "00468a2907583c593e6574a1f6b404e4651c221a"}, "modules": {"ptd_client_server.lib.client": "lib/client.py", "ptd_client_server.lib.common": "lib/common.py", "ptd_client_server.lib.external.ntplib": "lib/external/ntplib.py", "ptd_client_server.lib.source_hashes": "lib/source_hashes.py", "ptd_client_server.lib.summary": "lib/summary.py", "ptd_client_server.lib.time_sync": "lib/time_sync.py"}}
client 2023-02-11 20:23:25,153 [INFO] Running workload in ranging mode
client 2023-02-11 20:23:25,153 [INFO] Synchronizing with the server and with time.google.com...
client 2023-02-11 20:23:25,169 [INFO] NTP:offset = -0.001 s, delay = 0.013 s 
client 2023-02-11 20:23:25,169 [INFO] Sending command to the server: 'time'
client 2023-02-11 20:23:25,173 [INFO] Got response: '1676147005.172388'
client 2023-02-11 20:23:25,173 [INFO] The time difference between the client and the server is within range -2.762 ms..1.168 ms
client 2023-02-11 20:23:25,173 [INFO] Sending command to the server: 'session,2023-02-11_20-23-25,start,ranging'
client 2023-02-11 20:23:53,302 [INFO] Got response: 'OK'
client 2023-02-11 20:23:53,303 [INFO] Running the workload '/home/arjun/CM/repos/octoml@ck/cm-mlops/script/run-mlperf-inference-app/run.out'
client 2023-02-11 20:33:59,734 [INFO] Sending command to the server: 'session,2023-02-11_20-23-25,stop,ranging'
client 2023-02-11 20:34:10,369 [INFO] Got response: 'OK'
client 2023-02-11 20:34:10,400 [INFO] Copying loadgen logs from '/home/arjun/CM/repos/octoml@ck/cm-mlops/script/run-mlperf-inference-app/valid_results/arjun_orin-tflite_cpp-cpu-armnn_tflite-v22.11-default_config/efficientnet-fp32-lite4/singlestream/performance/run_1' to '/home/arjun/CM/repos/octoml@ck/cm-mlops/script/run-mlperf-inference-app/valid_results/arjun_orin-tflite_cpp-cpu-armnn_tflite-v22.11-default_config/efficientnet-fp32-lite4/singlestream/performance/tmp_power/ranging'
client 2023-02-11 20:34:10,402 [INFO] Running workload in testing mode
client 2023-02-11 20:34:10,402 [INFO] Synchronizing with the server and with time.google.com...
client 2023-02-11 20:34:10,421 [INFO] NTP:offset = -0.002 s, delay = 0.014 s 
client 2023-02-11 20:34:10,421 [INFO] Sending command to the server: 'time'
client 2023-02-11 20:34:10,424 [INFO] Got response: '1676147650.422896'
client 2023-02-11 20:34:10,424 [INFO] The time difference between the client and the server is within range -1.510 ms..1.869 ms
client 2023-02-11 20:34:10,424 [INFO] Sending command to the server: 'session,2023-02-11_20-23-25,start,testing'
client 2023-02-11 20:34:23,446 [INFO] Got response: 'OK'
client 2023-02-11 20:34:23,447 [INFO] Running the workload '/home/arjun/CM/repos/octoml@ck/cm-mlops/script/run-mlperf-inference-app/run.out'
client 2023-02-11 20:44:24,346 [INFO] Sending command to the server: 'session,2023-02-11_20-23-25,stop,testing'
client 2023-02-11 20:44:35,502 [INFO] Got response: 'OK'
client 2023-02-11 20:44:35,507 [INFO] Copying loadgen logs from '/home/arjun/CM/repos/octoml@ck/cm-mlops/script/run-mlperf-inference-app/valid_results/arjun_orin-tflite_cpp-cpu-armnn_tflite-v22.11-default_config/efficientnet-fp32-lite4/singlestream/performance/run_1' to '/home/arjun/CM/repos/octoml@ck/cm-mlops/script/run-mlperf-inference-app/valid_results/arjun_orin-tflite_cpp-cpu-armnn_tflite-v22.11-default_config/efficientnet-fp32-lite4/singlestream/performance/tmp_power/run_1'
client 2023-02-11 20:44:35,509 [INFO] Done runs
