ptd-server 2023-02-25 01:17:36,939 [INFO] Got command from the client 'time'
ptd-server 2023-02-25 01:17:36,939 [INFO] Sending reply to client '1677287856.9395313'
ptd-server 2023-02-25 01:17:37,035 [INFO] Got command from the client 'new,,998b084d-ce52-4a77-9080-0f32bedd508c'
ptd-server 2023-02-25 01:17:37,036 [INFO] Sending reply to client 'OK 2023-02-25_01-17-37,47e4a94c-6041-4d50-9260-377e22e5cd46'
ptd-server 2023-02-25 01:17:37,086 [INFO] Got command from the client 'time'
ptd-server 2023-02-25 01:17:37,086 [INFO] Sending reply to client '1677287857.086709'
ptd-server 2023-02-25 01:17:37,092 [INFO] Got command from the client 'session,2023-02-25_01-17-37,start,ranging'
ptd-server 2023-02-25 01:17:37,093 [INFO] Running PTDaemon: ['/media/arjun/T7_Touch/hp-envy/CM/repos/local/cache/9b3695ca8255492a/power/inference_v1.0/ptd-linux-x86', '-l', '/tmp/tmpti64566v/ptd_logfile.txt', '-p', '8888', '49', '/dev/usbtmc0']
ptd-server 2023-02-25 01:17:54,193 [INFO] Sending to ptd: 'Hello'
ptd-server 2023-02-25 01:17:54,194 [INFO] Reply from ptd: 'Hello, PTDaemon here!'
ptd-server 2023-02-25 01:17:54,194 [INFO] Sending to ptd: 'Identify'
ptd-server 2023-02-25 01:17:54,195 [INFO] Reply from ptd: 'YokogawaWT310E,1000,1,1,1,1,0,1,1,version=1.10.0-ed9a21d2-20220817,OS=Linux 5.15.0-56-generic #62-Ubuntu SMP Tue Nov 22 19:54:14 UTC 2022 x86_64,mode=power,1,1,1,0,0,no_cal_date,YOKOGAWA;WT310E;C3YD21068E;F1.04'
ptd-server 2023-02-25 01:17:54,195 [INFO] Connected to PTDaemon
ptd-server 2023-02-25 01:17:54,195 [INFO] Sending to ptd: 'RR'
ptd-server 2023-02-25 01:17:54,196 [INFO] Reply from ptd: 'Ranges,0,0.100000,0,600.000000'
ptd-server 2023-02-25 01:17:54,196 [INFO] Initial range for Amps is 0.100000 for Volts is 600.000000
ptd-server 2023-02-25 01:17:54,196 [INFO] Sending to ptd: 'SR,V,Auto'
ptd-server 2023-02-25 01:17:54,700 [INFO] Reply from ptd: 'Range V changed'
ptd-server 2023-02-25 01:17:54,700 [INFO] Sending to ptd: 'SR,A,Auto'
ptd-server 2023-02-25 01:17:55,204 [INFO] Reply from ptd: 'Range A changed'
ptd-server 2023-02-25 01:18:05,215 [INFO] Starting ranging mode
ptd-server 2023-02-25 01:18:05,215 [INFO] Sending to ptd: 'Go,1000,0,2023-02-25_01-17-37_ranging'
ptd-server 2023-02-25 01:18:05,216 [INFO] Reply from ptd: 'Starting untimed measurement, maximum 500000 samples at 1000ms with 0 rampup samples'
ptd-server 2023-02-25 01:18:05,217 [INFO] Sending reply to client 'OK'
ptd-server 2023-02-25 01:29:06,188 [INFO] Got command from the client 'session,2023-02-25_01-17-37,stop,ranging'
ptd-server 2023-02-25 01:29:16,199 [INFO] Sending to ptd: 'Stop'
ptd-server 2023-02-25 01:29:16,200 [INFO] Reply from ptd: 'Stopping untimed measurement'
ptd-server 2023-02-25 01:29:16,335 [INFO] Sending reply to client 'OK'
ptd-server 2023-02-25 01:29:16,392 [INFO] Got command from the client 'time'
ptd-server 2023-02-25 01:29:16,392 [INFO] Sending reply to client '1677288556.3926866'
ptd-server 2023-02-25 01:29:16,396 [INFO] Got command from the client 'session,2023-02-25_01-17-37,start,testing'
ptd-server 2023-02-25 01:29:16,396 [INFO] Sending to ptd: 'SR,V,248.630000'
ptd-server 2023-02-25 01:29:17,899 [INFO] Reply from ptd: 'Range V changed'
ptd-server 2023-02-25 01:29:17,899 [INFO] Sending to ptd: 'SR,A,0.168220'
ptd-server 2023-02-25 01:29:19,402 [INFO] Reply from ptd: 'Range A changed'
ptd-server 2023-02-25 01:29:29,413 [INFO] Starting testing mode
ptd-server 2023-02-25 01:29:29,414 [INFO] Sending to ptd: 'Go,1000,0,2023-02-25_01-17-37_testing'
ptd-server 2023-02-25 01:29:29,415 [INFO] Reply from ptd: 'Starting untimed measurement, maximum 500000 samples at 1000ms with 0 rampup samples'
ptd-server 2023-02-25 01:29:29,415 [INFO] Sending reply to client 'OK'
ptd-server 2023-02-25 01:40:24,905 [INFO] Got command from the client 'session,2023-02-25_01-17-37,stop,testing'
ptd-server 2023-02-25 01:40:34,916 [INFO] Sending to ptd: 'Stop'
ptd-server 2023-02-25 01:40:34,918 [INFO] Reply from ptd: 'Stopping untimed measurement'
ptd-server 2023-02-25 01:40:34,984 [INFO] Sending reply to client 'OK'
ptd-server 2023-02-25 01:40:34,999 [INFO] Got command from the client 'session,2023-02-25_01-17-37,done'
ptd-server 2023-02-25 01:40:34,999 [INFO] Sending to ptd: 'Stop'
ptd-server 2023-02-25 01:40:35,417 [INFO] Reply from ptd: 'Error: no measurement to stop'
ptd-server 2023-02-25 01:40:35,417 [INFO] Sending to ptd: 'SR,V,600.000000'
ptd-server 2023-02-25 01:40:36,921 [INFO] Reply from ptd: 'Range V changed'
ptd-server 2023-02-25 01:40:36,921 [INFO] Sending to ptd: 'SR,A,0.100000'
ptd-server 2023-02-25 01:40:38,423 [INFO] Reply from ptd: 'Range A changed'
ptd-server 2023-02-25 01:40:38,423 [INFO] Set initial values for Amps 0.100000 and Volts 600.000000
ptd-server 2023-02-25 01:40:38,423 [INFO] Stopping ptd...
