client 2023-02-11 16:09:00,148 [INFO] Creating output directory '/home/arjun/CM/repos/octoml@ck/cm-mlops/script/run-mlperf-inference-app/valid_results/arjun_orin-tflite_cpp-cpu-armnn_tflite-v22.11-default_config/efficientnet-fp32-lite0/singlestream/performance/tmp_power'
client 2023-02-11 16:09:00,165 [INFO] Sending command to the server: 'mlcommons/power client v3'
client 2023-02-11 16:09:00,168 [INFO] Got response: 'mlcommons/power server v3'
client 2023-02-11 16:09:00,168 [INFO] Synchronizing with the server and with time.google.com...
client 2023-02-11 16:09:00,205 [INFO] NTP:offset = 0.001 s, delay = 0.017 s 
client 2023-02-11 16:09:00,206 [INFO] Sending command to the server: 'time'
client 2023-02-11 16:09:00,208 [INFO] Got response: '1676131740.2077415'
client 2023-02-11 16:09:00,208 [INFO] The time difference between the client and the server is within range -1.583 ms..0.848 ms
client 2023-02-11 16:09:00,208 [INFO] Sending command to the server: 'new,,e59565e0-0bdc-470b-b909-e106b1b73972'
client 2023-02-11 16:09:00,212 [INFO] Got response: 'OK 2023-02-11_16-09-00,bad82c10-0c68-4bfd-a707-6029ca4c7c0e'
client 2023-02-11 16:09:00,212 [INFO] Session id is '2023-02-11_16-09-00'
client 2023-02-11 16:09:00,212 [INFO] Sources: {"sources": {"__init__.py": "da39a3ee5e6b4b0d3255bfef95601890afd80709", "client.py": "33ca4f26368777ac06e01f9567b714a4b8063886", "lib/__init__.py": "da39a3ee5e6b4b0d3255bfef95601890afd80709", "lib/client.py": "c146491755e219a28d440b31f83998dbd5532483", "lib/common.py": "611d8b29633d331eb19c9455ea3b5fa3284ed6df", "lib/external/__init__.py": "da39a3ee5e6b4b0d3255bfef95601890afd80709", "lib/external/ntplib.py": "4da8f970656505a40483206ef2b5d3dd5e81711d", "lib/server.py": "8054263a14dedddcf8e1c01adc19596c21bad591", "lib/source_hashes.py": "60a2e02193209e8d392803326208d5466342da18", "lib/summary.py": "aa92f0a3f975eecd44d3c0cd0236342ccc9f941d", "lib/time_sync.py": "3210db56eb0ff0df57bf4293dc4d4b03fffd46f1", "server.py": "c3f90f2f7eeb4db30727556d0c815ebc89b3d28b", "tests/unit/__init__.py": "da39a3ee5e6b4b0d3255bfef95601890afd80709", "tests/unit/test_server.py": "948c1995d4008bc2aa6c4046a34ffa3858d6d671", "tests/unit/test_source_hashes.py": "00468a2907583c593e6574a1f6b404e4651c221a"}, "modules": {"ptd_client_server.lib.client": "lib/client.py", "ptd_client_server.lib.common": "lib/common.py", "ptd_client_server.lib.external.ntplib": "lib/external/ntplib.py", "ptd_client_server.lib.source_hashes": "lib/source_hashes.py", "ptd_client_server.lib.summary": "lib/summary.py", "ptd_client_server.lib.time_sync": "lib/time_sync.py"}}
client 2023-02-11 16:09:00,213 [INFO] Running workload in ranging mode
client 2023-02-11 16:09:00,213 [INFO] Synchronizing with the server and with time.google.com...
client 2023-02-11 16:09:00,231 [INFO] NTP:offset = 0.002 s, delay = 0.017 s 
client 2023-02-11 16:09:00,231 [INFO] Sending command to the server: 'time'
client 2023-02-11 16:09:00,233 [INFO] Got response: '1676131740.2328935'
client 2023-02-11 16:09:00,233 [INFO] The time difference between the client and the server is within range -1.661 ms..0.480 ms
client 2023-02-11 16:09:00,233 [INFO] Sending command to the server: 'session,2023-02-11_16-09-00,start,ranging'
client 2023-02-11 16:09:28,347 [INFO] Got response: 'OK'
client 2023-02-11 16:09:28,348 [INFO] Running the workload '/home/arjun/CM/repos/octoml@ck/cm-mlops/script/run-mlperf-inference-app/run.out'
client 2023-02-11 16:19:28,983 [INFO] Sending command to the server: 'session,2023-02-11_16-09-00,stop,ranging'
client 2023-02-11 16:19:39,407 [INFO] Got response: 'OK'
client 2023-02-11 16:19:39,451 [INFO] Copying loadgen logs from '/home/arjun/CM/repos/octoml@ck/cm-mlops/script/run-mlperf-inference-app/valid_results/arjun_orin-tflite_cpp-cpu-armnn_tflite-v22.11-default_config/efficientnet-fp32-lite0/singlestream/performance/run_1' to '/home/arjun/CM/repos/octoml@ck/cm-mlops/script/run-mlperf-inference-app/valid_results/arjun_orin-tflite_cpp-cpu-armnn_tflite-v22.11-default_config/efficientnet-fp32-lite0/singlestream/performance/tmp_power/ranging'
client 2023-02-11 16:19:39,453 [INFO] Running workload in testing mode
client 2023-02-11 16:19:39,453 [INFO] Synchronizing with the server and with time.google.com...
client 2023-02-11 16:19:39,472 [INFO] NTP:offset = 0.001 s, delay = 0.013 s 
client 2023-02-11 16:19:39,472 [INFO] Sending command to the server: 'time'
client 2023-02-11 16:19:39,475 [INFO] Got response: '1676132379.4755313'
client 2023-02-11 16:19:39,476 [INFO] The time difference between the client and the server is within range -3.146 ms..0.530 ms
client 2023-02-11 16:19:39,476 [INFO] Sending command to the server: 'session,2023-02-11_16-09-00,start,testing'
client 2023-02-11 16:19:52,500 [INFO] Got response: 'OK'
client 2023-02-11 16:19:52,500 [INFO] Running the workload '/home/arjun/CM/repos/octoml@ck/cm-mlops/script/run-mlperf-inference-app/run.out'
client 2023-02-11 16:29:53,037 [INFO] Sending command to the server: 'session,2023-02-11_16-09-00,stop,testing'
client 2023-02-11 16:30:03,556 [INFO] Got response: 'OK'
client 2023-02-11 16:30:03,561 [INFO] Copying loadgen logs from '/home/arjun/CM/repos/octoml@ck/cm-mlops/script/run-mlperf-inference-app/valid_results/arjun_orin-tflite_cpp-cpu-armnn_tflite-v22.11-default_config/efficientnet-fp32-lite0/singlestream/performance/run_1' to '/home/arjun/CM/repos/octoml@ck/cm-mlops/script/run-mlperf-inference-app/valid_results/arjun_orin-tflite_cpp-cpu-armnn_tflite-v22.11-default_config/efficientnet-fp32-lite0/singlestream/performance/tmp_power/run_1'
client 2023-02-11 16:30:03,563 [INFO] Done runs
