client 2023-02-11 18:38:49,039 [INFO] Creating output directory '/home/arjun/CM/repos/octoml@ck/cm-mlops/script/run-mlperf-inference-app/valid_results/arjun_orin-tflite_cpp-cpu-armnn_tflite-v22.11-default_config/efficientnet-int8-lite2/singlestream/performance/tmp_power'
client 2023-02-11 18:38:49,282 [INFO] Sending command to the server: 'mlcommons/power client v3'
client 2023-02-11 18:38:49,286 [INFO] Got response: 'mlcommons/power server v3'
client 2023-02-11 18:38:49,286 [INFO] Synchronizing with the server and with time.google.com...
client 2023-02-11 18:38:49,350 [INFO] NTP:offset = 0.001 s, delay = 0.017 s 
client 2023-02-11 18:38:49,350 [INFO] Sending command to the server: 'time'
client 2023-02-11 18:38:49,356 [INFO] Got response: '1676140729.355169'
client 2023-02-11 18:38:49,356 [INFO] The time difference between the client and the server is within range -4.527 ms..1.591 ms
client 2023-02-11 18:38:49,357 [INFO] Sending command to the server: 'new,,f762f2b2-10b6-41b9-aecd-e60b2fd4262c'
client 2023-02-11 18:38:49,362 [INFO] Got response: 'OK 2023-02-11_18-38-49,bb2a1fa3-cc62-4a29-b523-2c36810abbce'
client 2023-02-11 18:38:49,362 [INFO] Session id is '2023-02-11_18-38-49'
client 2023-02-11 18:38:49,363 [INFO] Sources: {"sources": {"__init__.py": "da39a3ee5e6b4b0d3255bfef95601890afd80709", "client.py": "33ca4f26368777ac06e01f9567b714a4b8063886", "lib/__init__.py": "da39a3ee5e6b4b0d3255bfef95601890afd80709", "lib/client.py": "c146491755e219a28d440b31f83998dbd5532483", "lib/common.py": "611d8b29633d331eb19c9455ea3b5fa3284ed6df", "lib/external/__init__.py": "da39a3ee5e6b4b0d3255bfef95601890afd80709", "lib/external/ntplib.py": "4da8f970656505a40483206ef2b5d3dd5e81711d", "lib/server.py": "8054263a14dedddcf8e1c01adc19596c21bad591", "lib/source_hashes.py": "60a2e02193209e8d392803326208d5466342da18", "lib/summary.py": "aa92f0a3f975eecd44d3c0cd0236342ccc9f941d", "lib/time_sync.py": "3210db56eb0ff0df57bf4293dc4d4b03fffd46f1", "server.py": "c3f90f2f7eeb4db30727556d0c815ebc89b3d28b", "tests/unit/__init__.py": "da39a3ee5e6b4b0d3255bfef95601890afd80709", "tests/unit/test_server.py": "948c1995d4008bc2aa6c4046a34ffa3858d6d671", "tests/unit/test_source_hashes.py": "00468a2907583c593e6574a1f6b404e4651c221a"}, "modules": {"ptd_client_server.lib.client": "lib/client.py", "ptd_client_server.lib.common": "lib/common.py", "ptd_client_server.lib.external.ntplib": "lib/external/ntplib.py", "ptd_client_server.lib.source_hashes": "lib/source_hashes.py", "ptd_client_server.lib.summary": "lib/summary.py", "ptd_client_server.lib.time_sync": "lib/time_sync.py"}}
client 2023-02-11 18:38:49,363 [INFO] Running workload in ranging mode
client 2023-02-11 18:38:49,363 [INFO] Synchronizing with the server and with time.google.com...
client 2023-02-11 18:38:49,381 [INFO] NTP:offset = 0.001 s, delay = 0.014 s 
client 2023-02-11 18:38:49,381 [INFO] Sending command to the server: 'time'
client 2023-02-11 18:38:49,384 [INFO] Got response: '1676140729.3845708'
client 2023-02-11 18:38:49,385 [INFO] The time difference between the client and the server is within range -3.276 ms..0.520 ms
client 2023-02-11 18:38:49,385 [INFO] Sending command to the server: 'session,2023-02-11_18-38-49,start,ranging'
client 2023-02-11 18:39:17,511 [INFO] Got response: 'OK'
client 2023-02-11 18:39:17,512 [INFO] Running the workload '/home/arjun/CM/repos/octoml@ck/cm-mlops/script/run-mlperf-inference-app/run.out'
client 2023-02-11 18:49:20,889 [INFO] Sending command to the server: 'session,2023-02-11_18-38-49,stop,ranging'
client 2023-02-11 18:49:31,601 [INFO] Got response: 'OK'
client 2023-02-11 18:49:31,632 [INFO] Copying loadgen logs from '/home/arjun/CM/repos/octoml@ck/cm-mlops/script/run-mlperf-inference-app/valid_results/arjun_orin-tflite_cpp-cpu-armnn_tflite-v22.11-default_config/efficientnet-int8-lite2/singlestream/performance/run_1' to '/home/arjun/CM/repos/octoml@ck/cm-mlops/script/run-mlperf-inference-app/valid_results/arjun_orin-tflite_cpp-cpu-armnn_tflite-v22.11-default_config/efficientnet-int8-lite2/singlestream/performance/tmp_power/ranging'
client 2023-02-11 18:49:31,635 [INFO] Running workload in testing mode
client 2023-02-11 18:49:31,635 [INFO] Synchronizing with the server and with time.google.com...
client 2023-02-11 18:49:31,656 [INFO] NTP:offset = 0.001 s, delay = 0.016 s 
client 2023-02-11 18:49:31,656 [INFO] Sending command to the server: 'time'
client 2023-02-11 18:49:31,660 [INFO] Got response: '1676141371.6599982'
client 2023-02-11 18:49:31,660 [INFO] The time difference between the client and the server is within range -3.507 ms..0.528 ms
client 2023-02-11 18:49:31,660 [INFO] Sending command to the server: 'session,2023-02-11_18-38-49,start,testing'
client 2023-02-11 18:49:44,685 [INFO] Got response: 'OK'
client 2023-02-11 18:49:44,685 [INFO] Running the workload '/home/arjun/CM/repos/octoml@ck/cm-mlops/script/run-mlperf-inference-app/run.out'
client 2023-02-11 18:59:45,305 [INFO] Sending command to the server: 'session,2023-02-11_18-38-49,stop,testing'
client 2023-02-11 18:59:55,745 [INFO] Got response: 'OK'
client 2023-02-11 18:59:55,750 [INFO] Copying loadgen logs from '/home/arjun/CM/repos/octoml@ck/cm-mlops/script/run-mlperf-inference-app/valid_results/arjun_orin-tflite_cpp-cpu-armnn_tflite-v22.11-default_config/efficientnet-int8-lite2/singlestream/performance/run_1' to '/home/arjun/CM/repos/octoml@ck/cm-mlops/script/run-mlperf-inference-app/valid_results/arjun_orin-tflite_cpp-cpu-armnn_tflite-v22.11-default_config/efficientnet-int8-lite2/singlestream/performance/tmp_power/run_1'
client 2023-02-11 18:59:55,752 [INFO] Done runs
